[2017-03-15 19:25:01] production.ERROR: ErrorException: file_get_contents(C:\xampp\htdocs\task_app-master/.env): failed to open stream: No such file or directory in C:\xampp\htdocs\task_app-master\vendor\laravel\framework\src\Illuminate\Foundation\Console\KeyGenerateCommand.php:57
Stack trace:
#0 [internal function]: Illuminate\Foundation\Bootstrap\HandleExceptions->handleError(2, 'file_get_conten...', 'C:\\xampp\\htdocs...', 57, Array)
#1 C:\xampp\htdocs\task_app-master\vendor\laravel\framework\src\Illuminate\Foundation\Console\KeyGenerateCommand.php(57): file_get_contents('C:\\xampp\\htdocs...')
#2 C:\xampp\htdocs\task_app-master\vendor\laravel\framework\src\Illuminate\Foundation\Console\KeyGenerateCommand.php(39): Illuminate\Foundation\Console\KeyGenerateCommand->setKeyInEnvironmentFile('base64:G4KBvooX...')
#3 [internal function]: Illuminate\Foundation\Console\KeyGenerateCommand->fire()
#4 C:\xampp\htdocs\task_app-master\bootstrap\cache\compiled.php(1375): call_user_func_array(Array, Array)
#5 C:\xampp\htdocs\task_app-master\vendor\laravel\framework\src\Illuminate\Console\Command.php(169): Illuminate\Container\Container->call(Array)
#6 C:\xampp\htdocs\task_app-master\vendor\symfony\console\Command\Command.php(261): Illuminate\Console\Command->execute(Object(Symfony\Component\Console\Input\ArgvInput), Object(Symfony\Component\Console\Output\ConsoleOutput))
#7 C:\xampp\htdocs\task_app-master\vendor\laravel\framework\src\Illuminate\Console\Command.php(155): Symfony\Component\Console\Command\Command->run(Object(Symfony\Component\Console\Input\ArgvInput), Object(Symfony\Component\Console\Output\ConsoleOutput))
#8 C:\xampp\htdocs\task_app-master\vendor\symfony\console\Application.php(817): Illuminate\Console\Command->run(Object(Symfony\Component\Console\Input\ArgvInput), Object(Symfony\Component\Console\Output\ConsoleOutput))
#9 C:\xampp\htdocs\task_app-master\vendor\symfony\console\Application.php(185): Symfony\Component\Console\Application->doRunCommand(Object(Illuminate\Foundation\Console\KeyGenerateCommand), Object(Symfony\Component\Console\Input\ArgvInput), Object(Symfony\Component\Console\Output\ConsoleOutput))
#10 C:\xampp\htdocs\task_app-master\vendor\symfony\console\Application.php(116): Symfony\Component\Console\Application->doRun(Object(Symfony\Component\Console\Input\ArgvInput), Object(Symfony\Component\Console\Output\ConsoleOutput))
#11 C:\xampp\htdocs\task_app-master\vendor\laravel\framework\src\Illuminate\Foundation\Console\Kernel.php(121): Symfony\Component\Console\Application->run(Object(Symfony\Component\Console\Input\ArgvInput), Object(Symfony\Component\Console\Output\ConsoleOutput))
#12 C:\xampp\htdocs\task_app-master\artisan(35): Illuminate\Foundation\Console\Kernel->handle(Object(Symfony\Component\Console\Input\ArgvInput), Object(Symfony\Component\Console\Output\ConsoleOutput))
#13 {main}  
[2017-03-15 19:25:27] production.ERROR: ErrorException: file_get_contents(C:\xampp\htdocs\task_app-master/.env): failed to open stream: No such file or directory in C:\xampp\htdocs\task_app-master\vendor\laravel\framework\src\Illuminate\Foundation\Console\KeyGenerateCommand.php:57
Stack trace:
#0 [internal function]: Illuminate\Foundation\Bootstrap\HandleExceptions->handleError(2, 'file_get_conten...', 'C:\\xampp\\htdocs...', 57, Array)
#1 C:\xampp\htdocs\task_app-master\vendor\laravel\framework\src\Illuminate\Foundation\Console\KeyGenerateCommand.php(57): file_get_contents('C:\\xampp\\htdocs...')
#2 C:\xampp\htdocs\task_app-master\vendor\laravel\framework\src\Illuminate\Foundation\Console\KeyGenerateCommand.php(39): Illuminate\Foundation\Console\KeyGenerateCommand->setKeyInEnvironmentFile('base64:H5CMxmx7...')
#3 [internal function]: Illuminate\Foundation\Console\KeyGenerateCommand->fire()
#4 C:\xampp\htdocs\task_app-master\bootstrap\cache\compiled.php(1375): call_user_func_array(Array, Array)
#5 C:\xampp\htdocs\task_app-master\vendor\laravel\framework\src\Illuminate\Console\Command.php(169): Illuminate\Container\Container->call(Array)
#6 C:\xampp\htdocs\task_app-master\vendor\symfony\console\Command\Command.php(261): Illuminate\Console\Command->execute(Object(Symfony\Component\Console\Input\ArgvInput), Object(Symfony\Component\Console\Output\ConsoleOutput))
#7 C:\xampp\htdocs\task_app-master\vendor\laravel\framework\src\Illuminate\Console\Command.php(155): Symfony\Component\Console\Command\Command->run(Object(Symfony\Component\Console\Input\ArgvInput), Object(Symfony\Component\Console\Output\ConsoleOutput))
#8 C:\xampp\htdocs\task_app-master\vendor\symfony\console\Application.php(817): Illuminate\Console\Command->run(Object(Symfony\Component\Console\Input\ArgvInput), Object(Symfony\Component\Console\Output\ConsoleOutput))
#9 C:\xampp\htdocs\task_app-master\vendor\symfony\console\Application.php(185): Symfony\Component\Console\Application->doRunCommand(Object(Illuminate\Foundation\Console\KeyGenerateCommand), Object(Symfony\Component\Console\Input\ArgvInput), Object(Symfony\Component\Console\Output\ConsoleOutput))
#10 C:\xampp\htdocs\task_app-master\vendor\symfony\console\Application.php(116): Symfony\Component\Console\Application->doRun(Object(Symfony\Component\Console\Input\ArgvInput), Object(Symfony\Component\Console\Output\ConsoleOutput))
#11 C:\xampp\htdocs\task_app-master\vendor\laravel\framework\src\Illuminate\Foundation\Console\Kernel.php(121): Symfony\Component\Console\Application->run(Object(Symfony\Component\Console\Input\ArgvInput), Object(Symfony\Component\Console\Output\ConsoleOutput))
#12 C:\xampp\htdocs\task_app-master\artisan(35): Illuminate\Foundation\Console\Kernel->handle(Object(Symfony\Component\Console\Input\ArgvInput), Object(Symfony\Component\Console\Output\ConsoleOutput))
#13 {main}  
[2017-03-15 19:25:54] production.ERROR: ErrorException: file_get_contents(C:\xampp\htdocs\task_app-master/.env): failed to open stream: No such file or directory in C:\xampp\htdocs\task_app-master\vendor\laravel\framework\src\Illuminate\Foundation\Console\KeyGenerateCommand.php:57
Stack trace:
#0 [internal function]: Illuminate\Foundation\Bootstrap\HandleExceptions->handleError(2, 'file_get_conten...', 'C:\\xampp\\htdocs...', 57, Array)
#1 C:\xampp\htdocs\task_app-master\vendor\laravel\framework\src\Illuminate\Foundation\Console\KeyGenerateCommand.php(57): file_get_contents('C:\\xampp\\htdocs...')
#2 C:\xampp\htdocs\task_app-master\vendor\laravel\framework\src\Illuminate\Foundation\Console\KeyGenerateCommand.php(39): Illuminate\Foundation\Console\KeyGenerateCommand->setKeyInEnvironmentFile('base64:MPxnEHV+...')
#3 [internal function]: Illuminate\Foundation\Console\KeyGenerateCommand->fire()
#4 C:\xampp\htdocs\task_app-master\bootstrap\cache\compiled.php(1375): call_user_func_array(Array, Array)
#5 C:\xampp\htdocs\task_app-master\vendor\laravel\framework\src\Illuminate\Console\Command.php(169): Illuminate\Container\Container->call(Array)
#6 C:\xampp\htdocs\task_app-master\vendor\symfony\console\Command\Command.php(261): Illuminate\Console\Command->execute(Object(Symfony\Component\Console\Input\ArgvInput), Object(Symfony\Component\Console\Output\ConsoleOutput))
#7 C:\xampp\htdocs\task_app-master\vendor\laravel\framework\src\Illuminate\Console\Command.php(155): Symfony\Component\Console\Command\Command->run(Object(Symfony\Component\Console\Input\ArgvInput), Object(Symfony\Component\Console\Output\ConsoleOutput))
#8 C:\xampp\htdocs\task_app-master\vendor\symfony\console\Application.php(817): Illuminate\Console\Command->run(Object(Symfony\Component\Console\Input\ArgvInput), Object(Symfony\Component\Console\Output\ConsoleOutput))
#9 C:\xampp\htdocs\task_app-master\vendor\symfony\console\Application.php(185): Symfony\Component\Console\Application->doRunCommand(Object(Illuminate\Foundation\Console\KeyGenerateCommand), Object(Symfony\Component\Console\Input\ArgvInput), Object(Symfony\Component\Console\Output\ConsoleOutput))
#10 C:\xampp\htdocs\task_app-master\vendor\symfony\console\Application.php(116): Symfony\Component\Console\Application->doRun(Object(Symfony\Component\Console\Input\ArgvInput), Object(Symfony\Component\Console\Output\ConsoleOutput))
#11 C:\xampp\htdocs\task_app-master\vendor\laravel\framework\src\Illuminate\Foundation\Console\Kernel.php(121): Symfony\Component\Console\Application->run(Object(Symfony\Component\Console\Input\ArgvInput), Object(Symfony\Component\Console\Output\ConsoleOutput))
#12 C:\xampp\htdocs\task_app-master\artisan(35): Illuminate\Foundation\Console\Kernel->handle(Object(Symfony\Component\Console\Input\ArgvInput), Object(Symfony\Component\Console\Output\ConsoleOutput))
#13 {main}  
[2017-03-15 19:26:22] production.ERROR: ErrorException: file_get_contents(C:\xampp\htdocs\task_app-master/.env): failed to open stream: No such file or directory in C:\xampp\htdocs\task_app-master\vendor\laravel\framework\src\Illuminate\Foundation\Console\KeyGenerateCommand.php:57
Stack trace:
#0 [internal function]: Illuminate\Foundation\Bootstrap\HandleExceptions->handleError(2, 'file_get_conten...', 'C:\\xampp\\htdocs...', 57, Array)
#1 C:\xampp\htdocs\task_app-master\vendor\laravel\framework\src\Illuminate\Foundation\Console\KeyGenerateCommand.php(57): file_get_contents('C:\\xampp\\htdocs...')
#2 C:\xampp\htdocs\task_app-master\vendor\laravel\framework\src\Illuminate\Foundation\Console\KeyGenerateCommand.php(39): Illuminate\Foundation\Console\KeyGenerateCommand->setKeyInEnvironmentFile('base64:tCR8WQdf...')
#3 [internal function]: Illuminate\Foundation\Console\KeyGenerateCommand->fire()
#4 C:\xampp\htdocs\task_app-master\bootstrap\cache\compiled.php(1375): call_user_func_array(Array, Array)
#5 C:\xampp\htdocs\task_app-master\vendor\laravel\framework\src\Illuminate\Console\Command.php(169): Illuminate\Container\Container->call(Array)
#6 C:\xampp\htdocs\task_app-master\vendor\symfony\console\Command\Command.php(261): Illuminate\Console\Command->execute(Object(Symfony\Component\Console\Input\ArgvInput), Object(Symfony\Component\Console\Output\ConsoleOutput))
#7 C:\xampp\htdocs\task_app-master\vendor\laravel\framework\src\Illuminate\Console\Command.php(155): Symfony\Component\Console\Command\Command->run(Object(Symfony\Component\Console\Input\ArgvInput), Object(Symfony\Component\Console\Output\ConsoleOutput))
#8 C:\xampp\htdocs\task_app-master\vendor\symfony\console\Application.php(817): Illuminate\Console\Command->run(Object(Symfony\Component\Console\Input\ArgvInput), Object(Symfony\Component\Console\Output\ConsoleOutput))
#9 C:\xampp\htdocs\task_app-master\vendor\symfony\console\Application.php(185): Symfony\Component\Console\Application->doRunCommand(Object(Illuminate\Foundation\Console\KeyGenerateCommand), Object(Symfony\Component\Console\Input\ArgvInput), Object(Symfony\Component\Console\Output\ConsoleOutput))
#10 C:\xampp\htdocs\task_app-master\vendor\symfony\console\Application.php(116): Symfony\Component\Console\Application->doRun(Object(Symfony\Component\Console\Input\ArgvInput), Object(Symfony\Component\Console\Output\ConsoleOutput))
#11 C:\xampp\htdocs\task_app-master\vendor\laravel\framework\src\Illuminate\Foundation\Console\Kernel.php(121): Symfony\Component\Console\Application->run(Object(Symfony\Component\Console\Input\ArgvInput), Object(Symfony\Component\Console\Output\ConsoleOutput))
#12 C:\xampp\htdocs\task_app-master\artisan(35): Illuminate\Foundation\Console\Kernel->handle(Object(Symfony\Component\Console\Input\ArgvInput), Object(Symfony\Component\Console\Output\ConsoleOutput))
#13 {main}  
[2017-03-15 19:26:34] production.ERROR: RuntimeException: The only supported ciphers are AES-128-CBC and AES-256-CBC with the correct key lengths. in C:\xampp\htdocs\task_app-master\bootstrap\cache\compiled.php:13520
Stack trace:
#0 C:\xampp\htdocs\task_app-master\bootstrap\cache\compiled.php(7927): Illuminate\Encryption\Encrypter->__construct('', 'AES-256-CBC')
#1 C:\xampp\htdocs\task_app-master\bootstrap\cache\compiled.php(1477): Illuminate\Encryption\EncryptionServiceProvider->Illuminate\Encryption\{closure}(Object(Illuminate\Foundation\Application), Array)
#2 C:\xampp\htdocs\task_app-master\bootstrap\cache\compiled.php(1433): Illuminate\Container\Container->build(Object(Closure), Array)
#3 C:\xampp\htdocs\task_app-master\bootstrap\cache\compiled.php(2011): Illuminate\Container\Container->make('encrypter', Array)
#4 C:\xampp\htdocs\task_app-master\bootstrap\cache\compiled.php(1534): Illuminate\Foundation\Application->make('encrypter')
#5 C:\xampp\htdocs\task_app-master\bootstrap\cache\compiled.php(1511): Illuminate\Container\Container->resolveClass(Object(ReflectionParameter))
#6 C:\xampp\htdocs\task_app-master\bootstrap\cache\compiled.php(1497): Illuminate\Container\Container->getDependencies(Array, Array)
#7 C:\xampp\htdocs\task_app-master\bootstrap\cache\compiled.php(1433): Illuminate\Container\Container->build('App\\Http\\Middle...', Array)
#8 C:\xampp\htdocs\task_app-master\bootstrap\cache\compiled.php(2011): Illuminate\Container\Container->make('App\\Http\\Middle...', Array)
#9 C:\xampp\htdocs\task_app-master\bootstrap\cache\compiled.php(10064): Illuminate\Foundation\Application->make('App\\Http\\Middle...')
#10 C:\xampp\htdocs\task_app-master\vendor\laravel\framework\src\Illuminate\Routing\Pipeline.php(33): Illuminate\Pipeline\Pipeline->Illuminate\Pipeline\{closure}(Object(Illuminate\Http\Request))
#11 C:\xampp\htdocs\task_app-master\bootstrap\cache\compiled.php(10054): Illuminate\Routing\Pipeline->Illuminate\Routing\{closure}(Object(Illuminate\Http\Request))
#12 C:\xampp\htdocs\task_app-master\bootstrap\cache\compiled.php(8356): Illuminate\Pipeline\Pipeline->then(Object(Closure))
#13 C:\xampp\htdocs\task_app-master\bootstrap\cache\compiled.php(8347): Illuminate\Routing\Router->runRouteWithinStack(Object(Illuminate\Routing\Route), Object(Illuminate\Http\Request))
#14 C:\xampp\htdocs\task_app-master\bootstrap\cache\compiled.php(8338): Illuminate\Routing\Router->dispatchToRoute(Object(Illuminate\Http\Request))
#15 C:\xampp\htdocs\task_app-master\bootstrap\cache\compiled.php(2575): Illuminate\Routing\Router->dispatch(Object(Illuminate\Http\Request))
#16 C:\xampp\htdocs\task_app-master\vendor\laravel\framework\src\Illuminate\Routing\Pipeline.php(53): Illuminate\Foundation\Http\Kernel->Illuminate\Foundation\Http\{closure}(Object(Illuminate\Http\Request))
#17 C:\xampp\htdocs\task_app-master\bootstrap\cache\compiled.php(3374): Illuminate\Routing\Pipeline->Illuminate\Routing\{closure}(Object(Illuminate\Http\Request))
#18 C:\xampp\htdocs\task_app-master\bootstrap\cache\compiled.php(10069): Illuminate\Foundation\Http\Middleware\CheckForMaintenanceMode->handle(Object(Illuminate\Http\Request), Object(Closure))
#19 C:\xampp\htdocs\task_app-master\vendor\laravel\framework\src\Illuminate\Routing\Pipeline.php(33): Illuminate\Pipeline\Pipeline->Illuminate\Pipeline\{closure}(Object(Illuminate\Http\Request))
#20 C:\xampp\htdocs\task_app-master\bootstrap\cache\compiled.php(10054): Illuminate\Routing\Pipeline->Illuminate\Routing\{closure}(Object(Illuminate\Http\Request))
#21 C:\xampp\htdocs\task_app-master\bootstrap\cache\compiled.php(2519): Illuminate\Pipeline\Pipeline->then(Object(Closure))
#22 C:\xampp\htdocs\task_app-master\bootstrap\cache\compiled.php(2503): Illuminate\Foundation\Http\Kernel->sendRequestThroughRouter(Object(Illuminate\Http\Request))
#23 C:\xampp\htdocs\task_app-master\public\index.php(53): Illuminate\Foundation\Http\Kernel->handle(Object(Illuminate\Http\Request))
#24 {main}  
[2017-03-15 19:26:34] production.ERROR: RuntimeException: The only supported ciphers are AES-128-CBC and AES-256-CBC with the correct key lengths. in C:\xampp\htdocs\task_app-master\bootstrap\cache\compiled.php:13520
Stack trace:
#0 C:\xampp\htdocs\task_app-master\bootstrap\cache\compiled.php(7927): Illuminate\Encryption\Encrypter->__construct('', 'AES-256-CBC')
#1 C:\xampp\htdocs\task_app-master\bootstrap\cache\compiled.php(1477): Illuminate\Encryption\EncryptionServiceProvider->Illuminate\Encryption\{closure}(Object(Illuminate\Foundation\Application), Array)
#2 C:\xampp\htdocs\task_app-master\bootstrap\cache\compiled.php(1433): Illuminate\Container\Container->build(Object(Closure), Array)
#3 C:\xampp\htdocs\task_app-master\bootstrap\cache\compiled.php(2011): Illuminate\Container\Container->make('encrypter', Array)
#4 C:\xampp\htdocs\task_app-master\bootstrap\cache\compiled.php(1534): Illuminate\Foundation\Application->make('encrypter')
#5 C:\xampp\htdocs\task_app-master\bootstrap\cache\compiled.php(1511): Illuminate\Container\Container->resolveClass(Object(ReflectionParameter))
#6 C:\xampp\htdocs\task_app-master\bootstrap\cache\compiled.php(1497): Illuminate\Container\Container->getDependencies(Array, Array)
#7 C:\xampp\htdocs\task_app-master\bootstrap\cache\compiled.php(1433): Illuminate\Container\Container->build('App\\Http\\Middle...', Array)
#8 C:\xampp\htdocs\task_app-master\bootstrap\cache\compiled.php(2011): Illuminate\Container\Container->make('App\\Http\\Middle...', Array)
#9 C:\xampp\htdocs\task_app-master\bootstrap\cache\compiled.php(2529): Illuminate\Foundation\Application->make('App\\Http\\Middle...')
#10 C:\xampp\htdocs\task_app-master\public\index.php(58): Illuminate\Foundation\Http\Kernel->terminate(Object(Illuminate\Http\Request), Object(Illuminate\Http\Response))
#11 {main}  
[2017-03-15 19:26:53] production.ERROR: RuntimeException: The only supported ciphers are AES-128-CBC and AES-256-CBC with the correct key lengths. in C:\xampp\htdocs\task_app-master\bootstrap\cache\compiled.php:13520
Stack trace:
#0 C:\xampp\htdocs\task_app-master\bootstrap\cache\compiled.php(7927): Illuminate\Encryption\Encrypter->__construct('', 'AES-256-CBC')
#1 C:\xampp\htdocs\task_app-master\bootstrap\cache\compiled.php(1477): Illuminate\Encryption\EncryptionServiceProvider->Illuminate\Encryption\{closure}(Object(Illuminate\Foundation\Application), Array)
#2 C:\xampp\htdocs\task_app-master\bootstrap\cache\compiled.php(1433): Illuminate\Container\Container->build(Object(Closure), Array)
#3 C:\xampp\htdocs\task_app-master\bootstrap\cache\compiled.php(2011): Illuminate\Container\Container->make('encrypter', Array)
#4 C:\xampp\htdocs\task_app-master\bootstrap\cache\compiled.php(1534): Illuminate\Foundation\Application->make('encrypter')
#5 C:\xampp\htdocs\task_app-master\bootstrap\cache\compiled.php(1511): Illuminate\Container\Container->resolveClass(Object(ReflectionParameter))
#6 C:\xampp\htdocs\task_app-master\bootstrap\cache\compiled.php(1497): Illuminate\Container\Container->getDependencies(Array, Array)
#7 C:\xampp\htdocs\task_app-master\bootstrap\cache\compiled.php(1433): Illuminate\Container\Container->build('App\\Http\\Middle...', Array)
#8 C:\xampp\htdocs\task_app-master\bootstrap\cache\compiled.php(2011): Illuminate\Container\Container->make('App\\Http\\Middle...', Array)
#9 C:\xampp\htdocs\task_app-master\bootstrap\cache\compiled.php(10064): Illuminate\Foundation\Application->make('App\\Http\\Middle...')
#10 C:\xampp\htdocs\task_app-master\vendor\laravel\framework\src\Illuminate\Routing\Pipeline.php(33): Illuminate\Pipeline\Pipeline->Illuminate\Pipeline\{closure}(Object(Illuminate\Http\Request))
#11 C:\xampp\htdocs\task_app-master\bootstrap\cache\compiled.php(10054): Illuminate\Routing\Pipeline->Illuminate\Routing\{closure}(Object(Illuminate\Http\Request))
#12 C:\xampp\htdocs\task_app-master\bootstrap\cache\compiled.php(8356): Illuminate\Pipeline\Pipeline->then(Object(Closure))
#13 C:\xampp\htdocs\task_app-master\bootstrap\cache\compiled.php(8347): Illuminate\Routing\Router->runRouteWithinStack(Object(Illuminate\Routing\Route), Object(Illuminate\Http\Request))
#14 C:\xampp\htdocs\task_app-master\bootstrap\cache\compiled.php(8338): Illuminate\Routing\Router->dispatchToRoute(Object(Illuminate\Http\Request))
#15 C:\xampp\htdocs\task_app-master\bootstrap\cache\compiled.php(2575): Illuminate\Routing\Router->dispatch(Object(Illuminate\Http\Request))
#16 C:\xampp\htdocs\task_app-master\vendor\laravel\framework\src\Illuminate\Routing\Pipeline.php(53): Illuminate\Foundation\Http\Kernel->Illuminate\Foundation\Http\{closure}(Object(Illuminate\Http\Request))
#17 C:\xampp\htdocs\task_app-master\bootstrap\cache\compiled.php(3374): Illuminate\Routing\Pipeline->Illuminate\Routing\{closure}(Object(Illuminate\Http\Request))
#18 C:\xampp\htdocs\task_app-master\bootstrap\cache\compiled.php(10069): Illuminate\Foundation\Http\Middleware\CheckForMaintenanceMode->handle(Object(Illuminate\Http\Request), Object(Closure))
#19 C:\xampp\htdocs\task_app-master\vendor\laravel\framework\src\Illuminate\Routing\Pipeline.php(33): Illuminate\Pipeline\Pipeline->Illuminate\Pipeline\{closure}(Object(Illuminate\Http\Request))
#20 C:\xampp\htdocs\task_app-master\bootstrap\cache\compiled.php(10054): Illuminate\Routing\Pipeline->Illuminate\Routing\{closure}(Object(Illuminate\Http\Request))
#21 C:\xampp\htdocs\task_app-master\bootstrap\cache\compiled.php(2519): Illuminate\Pipeline\Pipeline->then(Object(Closure))
#22 C:\xampp\htdocs\task_app-master\bootstrap\cache\compiled.php(2503): Illuminate\Foundation\Http\Kernel->sendRequestThroughRouter(Object(Illuminate\Http\Request))
#23 C:\xampp\htdocs\task_app-master\public\index.php(53): Illuminate\Foundation\Http\Kernel->handle(Object(Illuminate\Http\Request))
#24 {main}  
[2017-03-15 19:26:53] production.ERROR: RuntimeException: The only supported ciphers are AES-128-CBC and AES-256-CBC with the correct key lengths. in C:\xampp\htdocs\task_app-master\bootstrap\cache\compiled.php:13520
Stack trace:
#0 C:\xampp\htdocs\task_app-master\bootstrap\cache\compiled.php(7927): Illuminate\Encryption\Encrypter->__construct('', 'AES-256-CBC')
#1 C:\xampp\htdocs\task_app-master\bootstrap\cache\compiled.php(1477): Illuminate\Encryption\EncryptionServiceProvider->Illuminate\Encryption\{closure}(Object(Illuminate\Foundation\Application), Array)
#2 C:\xampp\htdocs\task_app-master\bootstrap\cache\compiled.php(1433): Illuminate\Container\Container->build(Object(Closure), Array)
#3 C:\xampp\htdocs\task_app-master\bootstrap\cache\compiled.php(2011): Illuminate\Container\Container->make('encrypter', Array)
#4 C:\xampp\htdocs\task_app-master\bootstrap\cache\compiled.php(1534): Illuminate\Foundation\Application->make('encrypter')
#5 C:\xampp\htdocs\task_app-master\bootstrap\cache\compiled.php(1511): Illuminate\Container\Container->resolveClass(Object(ReflectionParameter))
#6 C:\xampp\htdocs\task_app-master\bootstrap\cache\compiled.php(1497): Illuminate\Container\Container->getDependencies(Array, Array)
#7 C:\xampp\htdocs\task_app-master\bootstrap\cache\compiled.php(1433): Illuminate\Container\Container->build('App\\Http\\Middle...', Array)
#8 C:\xampp\htdocs\task_app-master\bootstrap\cache\compiled.php(2011): Illuminate\Container\Container->make('App\\Http\\Middle...', Array)
#9 C:\xampp\htdocs\task_app-master\bootstrap\cache\compiled.php(2529): Illuminate\Foundation\Application->make('App\\Http\\Middle...')
#10 C:\xampp\htdocs\task_app-master\public\index.php(58): Illuminate\Foundation\Http\Kernel->terminate(Object(Illuminate\Http\Request), Object(Illuminate\Http\Response))
#11 {main}  
[2017-03-15 19:27:03] production.ERROR: RuntimeException: The only supported ciphers are AES-128-CBC and AES-256-CBC with the correct key lengths. in C:\xampp\htdocs\task_app-master\bootstrap\cache\compiled.php:13520
Stack trace:
#0 C:\xampp\htdocs\task_app-master\bootstrap\cache\compiled.php(7927): Illuminate\Encryption\Encrypter->__construct('', 'AES-256-CBC')
#1 C:\xampp\htdocs\task_app-master\bootstrap\cache\compiled.php(1477): Illuminate\Encryption\EncryptionServiceProvider->Illuminate\Encryption\{closure}(Object(Illuminate\Foundation\Application), Array)
#2 C:\xampp\htdocs\task_app-master\bootstrap\cache\compiled.php(1433): Illuminate\Container\Container->build(Object(Closure), Array)
#3 C:\xampp\htdocs\task_app-master\bootstrap\cache\compiled.php(2011): Illuminate\Container\Container->make('encrypter', Array)
#4 C:\xampp\htdocs\task_app-master\bootstrap\cache\compiled.php(1534): Illuminate\Foundation\Application->make('encrypter')
#5 C:\xampp\htdocs\task_app-master\bootstrap\cache\compiled.php(1511): Illuminate\Container\Container->resolveClass(Object(ReflectionParameter))
#6 C:\xampp\htdocs\task_app-master\bootstrap\cache\compiled.php(1497): Illuminate\Container\Container->getDependencies(Array, Array)
#7 C:\xampp\htdocs\task_app-master\bootstrap\cache\compiled.php(1433): Illuminate\Container\Container->build('App\\Http\\Middle...', Array)
#8 C:\xampp\htdocs\task_app-master\bootstrap\cache\compiled.php(2011): Illuminate\Container\Container->make('App\\Http\\Middle...', Array)
#9 C:\xampp\htdocs\task_app-master\bootstrap\cache\compiled.php(10064): Illuminate\Foundation\Application->make('App\\Http\\Middle...')
#10 C:\xampp\htdocs\task_app-master\vendor\laravel\framework\src\Illuminate\Routing\Pipeline.php(33): Illuminate\Pipeline\Pipeline->Illuminate\Pipeline\{closure}(Object(Illuminate\Http\Request))
#11 C:\xampp\htdocs\task_app-master\bootstrap\cache\compiled.php(10054): Illuminate\Routing\Pipeline->Illuminate\Routing\{closure}(Object(Illuminate\Http\Request))
#12 C:\xampp\htdocs\task_app-master\bootstrap\cache\compiled.php(8356): Illuminate\Pipeline\Pipeline->then(Object(Closure))
#13 C:\xampp\htdocs\task_app-master\bootstrap\cache\compiled.php(8347): Illuminate\Routing\Router->runRouteWithinStack(Object(Illuminate\Routing\Route), Object(Illuminate\Http\Request))
#14 C:\xampp\htdocs\task_app-master\bootstrap\cache\compiled.php(8338): Illuminate\Routing\Router->dispatchToRoute(Object(Illuminate\Http\Request))
#15 C:\xampp\htdocs\task_app-master\bootstrap\cache\compiled.php(2575): Illuminate\Routing\Router->dispatch(Object(Illuminate\Http\Request))
#16 C:\xampp\htdocs\task_app-master\vendor\laravel\framework\src\Illuminate\Routing\Pipeline.php(53): Illuminate\Foundation\Http\Kernel->Illuminate\Foundation\Http\{closure}(Object(Illuminate\Http\Request))
#17 C:\xampp\htdocs\task_app-master\bootstrap\cache\compiled.php(3374): Illuminate\Routing\Pipeline->Illuminate\Routing\{closure}(Object(Illuminate\Http\Request))
#18 C:\xampp\htdocs\task_app-master\bootstrap\cache\compiled.php(10069): Illuminate\Foundation\Http\Middleware\CheckForMaintenanceMode->handle(Object(Illuminate\Http\Request), Object(Closure))
#19 C:\xampp\htdocs\task_app-master\vendor\laravel\framework\src\Illuminate\Routing\Pipeline.php(33): Illuminate\Pipeline\Pipeline->Illuminate\Pipeline\{closure}(Object(Illuminate\Http\Request))
#20 C:\xampp\htdocs\task_app-master\bootstrap\cache\compiled.php(10054): Illuminate\Routing\Pipeline->Illuminate\Routing\{closure}(Object(Illuminate\Http\Request))
#21 C:\xampp\htdocs\task_app-master\bootstrap\cache\compiled.php(2519): Illuminate\Pipeline\Pipeline->then(Object(Closure))
#22 C:\xampp\htdocs\task_app-master\bootstrap\cache\compiled.php(2503): Illuminate\Foundation\Http\Kernel->sendRequestThroughRouter(Object(Illuminate\Http\Request))
#23 C:\xampp\htdocs\task_app-master\public\index.php(53): Illuminate\Foundation\Http\Kernel->handle(Object(Illuminate\Http\Request))
#24 C:\xampp\htdocs\task_app-master\server.php(21): require_once('C:\\xampp\\htdocs...')
#25 {main}  
[2017-03-15 19:27:03] production.ERROR: RuntimeException: The only supported ciphers are AES-128-CBC and AES-256-CBC with the correct key lengths. in C:\xampp\htdocs\task_app-master\bootstrap\cache\compiled.php:13520
Stack trace:
#0 C:\xampp\htdocs\task_app-master\bootstrap\cache\compiled.php(7927): Illuminate\Encryption\Encrypter->__construct('', 'AES-256-CBC')
#1 C:\xampp\htdocs\task_app-master\bootstrap\cache\compiled.php(1477): Illuminate\Encryption\EncryptionServiceProvider->Illuminate\Encryption\{closure}(Object(Illuminate\Foundation\Application), Array)
#2 C:\xampp\htdocs\task_app-master\bootstrap\cache\compiled.php(1433): Illuminate\Container\Container->build(Object(Closure), Array)
#3 C:\xampp\htdocs\task_app-master\bootstrap\cache\compiled.php(2011): Illuminate\Container\Container->make('encrypter', Array)
#4 C:\xampp\htdocs\task_app-master\bootstrap\cache\compiled.php(1534): Illuminate\Foundation\Application->make('encrypter')
#5 C:\xampp\htdocs\task_app-master\bootstrap\cache\compiled.php(1511): Illuminate\Container\Container->resolveClass(Object(ReflectionParameter))
#6 C:\xampp\htdocs\task_app-master\bootstrap\cache\compiled.php(1497): Illuminate\Container\Container->getDependencies(Array, Array)
#7 C:\xampp\htdocs\task_app-master\bootstrap\cache\compiled.php(1433): Illuminate\Container\Container->build('App\\Http\\Middle...', Array)
#8 C:\xampp\htdocs\task_app-master\bootstrap\cache\compiled.php(2011): Illuminate\Container\Container->make('App\\Http\\Middle...', Array)
#9 C:\xampp\htdocs\task_app-master\bootstrap\cache\compiled.php(2529): Illuminate\Foundation\Application->make('App\\Http\\Middle...')
#10 C:\xampp\htdocs\task_app-master\public\index.php(58): Illuminate\Foundation\Http\Kernel->terminate(Object(Illuminate\Http\Request), Object(Illuminate\Http\Response))
#11 C:\xampp\htdocs\task_app-master\server.php(21): require_once('C:\\xampp\\htdocs...')
#12 {main}  
[2017-04-12 00:03:47] production.ERROR: RuntimeException: The only supported ciphers are AES-128-CBC and AES-256-CBC with the correct key lengths. in C:\xampp\htdocs\task_app-master\bootstrap\cache\compiled.php:13520
Stack trace:
#0 C:\xampp\htdocs\task_app-master\bootstrap\cache\compiled.php(7927): Illuminate\Encryption\Encrypter->__construct('', 'AES-256-CBC')
#1 C:\xampp\htdocs\task_app-master\bootstrap\cache\compiled.php(1477): Illuminate\Encryption\EncryptionServiceProvider->Illuminate\Encryption\{closure}(Object(Illuminate\Foundation\Application), Array)
#2 C:\xampp\htdocs\task_app-master\bootstrap\cache\compiled.php(1433): Illuminate\Container\Container->build(Object(Closure), Array)
#3 C:\xampp\htdocs\task_app-master\bootstrap\cache\compiled.php(2011): Illuminate\Container\Container->make('encrypter', Array)
#4 C:\xampp\htdocs\task_app-master\bootstrap\cache\compiled.php(1534): Illuminate\Foundation\Application->make('encrypter')
#5 C:\xampp\htdocs\task_app-master\bootstrap\cache\compiled.php(1511): Illuminate\Container\Container->resolveClass(Object(ReflectionParameter))
#6 C:\xampp\htdocs\task_app-master\bootstrap\cache\compiled.php(1497): Illuminate\Container\Container->getDependencies(Array, Array)
#7 C:\xampp\htdocs\task_app-master\bootstrap\cache\compiled.php(1433): Illuminate\Container\Container->build('App\\Http\\Middle...', Array)
#8 C:\xampp\htdocs\task_app-master\bootstrap\cache\compiled.php(2011): Illuminate\Container\Container->make('App\\Http\\Middle...', Array)
#9 C:\xampp\htdocs\task_app-master\bootstrap\cache\compiled.php(10064): Illuminate\Foundation\Application->make('App\\Http\\Middle...')
#10 C:\xampp\htdocs\task_app-master\vendor\laravel\framework\src\Illuminate\Routing\Pipeline.php(33): Illuminate\Pipeline\Pipeline->Illuminate\Pipeline\{closure}(Object(Illuminate\Http\Request))
#11 C:\xampp\htdocs\task_app-master\bootstrap\cache\compiled.php(10054): Illuminate\Routing\Pipeline->Illuminate\Routing\{closure}(Object(Illuminate\Http\Request))
#12 C:\xampp\htdocs\task_app-master\bootstrap\cache\compiled.php(8356): Illuminate\Pipeline\Pipeline->then(Object(Closure))
#13 C:\xampp\htdocs\task_app-master\bootstrap\cache\compiled.php(8347): Illuminate\Routing\Router->runRouteWithinStack(Object(Illuminate\Routing\Route), Object(Illuminate\Http\Request))
#14 C:\xampp\htdocs\task_app-master\bootstrap\cache\compiled.php(8338): Illuminate\Routing\Router->dispatchToRoute(Object(Illuminate\Http\Request))
#15 C:\xampp\htdocs\task_app-master\bootstrap\cache\compiled.php(2575): Illuminate\Routing\Router->dispatch(Object(Illuminate\Http\Request))
#16 C:\xampp\htdocs\task_app-master\vendor\laravel\framework\src\Illuminate\Routing\Pipeline.php(53): Illuminate\Foundation\Http\Kernel->Illuminate\Foundation\Http\{closure}(Object(Illuminate\Http\Request))
#17 C:\xampp\htdocs\task_app-master\bootstrap\cache\compiled.php(3374): Illuminate\Routing\Pipeline->Illuminate\Routing\{closure}(Object(Illuminate\Http\Request))
#18 C:\xampp\htdocs\task_app-master\bootstrap\cache\compiled.php(10069): Illuminate\Foundation\Http\Middleware\CheckForMaintenanceMode->handle(Object(Illuminate\Http\Request), Object(Closure))
#19 C:\xampp\htdocs\task_app-master\vendor\laravel\framework\src\Illuminate\Routing\Pipeline.php(33): Illuminate\Pipeline\Pipeline->Illuminate\Pipeline\{closure}(Object(Illuminate\Http\Request))
#20 C:\xampp\htdocs\task_app-master\bootstrap\cache\compiled.php(10054): Illuminate\Routing\Pipeline->Illuminate\Routing\{closure}(Object(Illuminate\Http\Request))
#21 C:\xampp\htdocs\task_app-master\bootstrap\cache\compiled.php(2519): Illuminate\Pipeline\Pipeline->then(Object(Closure))
#22 C:\xampp\htdocs\task_app-master\bootstrap\cache\compiled.php(2503): Illuminate\Foundation\Http\Kernel->sendRequestThroughRouter(Object(Illuminate\Http\Request))
#23 C:\xampp\htdocs\task_app-master\public\index.php(53): Illuminate\Foundation\Http\Kernel->handle(Object(Illuminate\Http\Request))
#24 {main}  
[2017-04-12 00:03:47] production.ERROR: RuntimeException: The only supported ciphers are AES-128-CBC and AES-256-CBC with the correct key lengths. in C:\xampp\htdocs\task_app-master\bootstrap\cache\compiled.php:13520
Stack trace:
#0 C:\xampp\htdocs\task_app-master\bootstrap\cache\compiled.php(7927): Illuminate\Encryption\Encrypter->__construct('', 'AES-256-CBC')
#1 C:\xampp\htdocs\task_app-master\bootstrap\cache\compiled.php(1477): Illuminate\Encryption\EncryptionServiceProvider->Illuminate\Encryption\{closure}(Object(Illuminate\Foundation\Application), Array)
#2 C:\xampp\htdocs\task_app-master\bootstrap\cache\compiled.php(1433): Illuminate\Container\Container->build(Object(Closure), Array)
#3 C:\xampp\htdocs\task_app-master\bootstrap\cache\compiled.php(2011): Illuminate\Container\Container->make('encrypter', Array)
#4 C:\xampp\htdocs\task_app-master\bootstrap\cache\compiled.php(1534): Illuminate\Foundation\Application->make('encrypter')
#5 C:\xampp\htdocs\task_app-master\bootstrap\cache\compiled.php(1511): Illuminate\Container\Container->resolveClass(Object(ReflectionParameter))
#6 C:\xampp\htdocs\task_app-master\bootstrap\cache\compiled.php(1497): Illuminate\Container\Container->getDependencies(Array, Array)
#7 C:\xampp\htdocs\task_app-master\bootstrap\cache\compiled.php(1433): Illuminate\Container\Container->build('App\\Http\\Middle...', Array)
#8 C:\xampp\htdocs\task_app-master\bootstrap\cache\compiled.php(2011): Illuminate\Container\Container->make('App\\Http\\Middle...', Array)
#9 C:\xampp\htdocs\task_app-master\bootstrap\cache\compiled.php(2529): Illuminate\Foundation\Application->make('App\\Http\\Middle...')
#10 C:\xampp\htdocs\task_app-master\public\index.php(58): Illuminate\Foundation\Http\Kernel->terminate(Object(Illuminate\Http\Request), Object(Illuminate\Http\Response))
#11 {main}  
[2017-04-12 00:14:03] production.ERROR: RuntimeException: The only supported ciphers are AES-128-CBC and AES-256-CBC with the correct key lengths. in C:\xampp\htdocs\task_app\bootstrap\cache\compiled.php:13520
Stack trace:
#0 C:\xampp\htdocs\task_app\bootstrap\cache\compiled.php(7927): Illuminate\Encryption\Encrypter->__construct('', 'AES-256-CBC')
#1 C:\xampp\htdocs\task_app\bootstrap\cache\compiled.php(1477): Illuminate\Encryption\EncryptionServiceProvider->Illuminate\Encryption\{closure}(Object(Illuminate\Foundation\Application), Array)
#2 C:\xampp\htdocs\task_app\bootstrap\cache\compiled.php(1433): Illuminate\Container\Container->build(Object(Closure), Array)
#3 C:\xampp\htdocs\task_app\bootstrap\cache\compiled.php(2011): Illuminate\Container\Container->make('encrypter', Array)
#4 C:\xampp\htdocs\task_app\bootstrap\cache\compiled.php(1534): Illuminate\Foundation\Application->make('encrypter')
#5 C:\xampp\htdocs\task_app\bootstrap\cache\compiled.php(1511): Illuminate\Container\Container->resolveClass(Object(ReflectionParameter))
#6 C:\xampp\htdocs\task_app\bootstrap\cache\compiled.php(1497): Illuminate\Container\Container->getDependencies(Array, Array)
#7 C:\xampp\htdocs\task_app\bootstrap\cache\compiled.php(1433): Illuminate\Container\Container->build('App\\Http\\Middle...', Array)
#8 C:\xampp\htdocs\task_app\bootstrap\cache\compiled.php(2011): Illuminate\Container\Container->make('App\\Http\\Middle...', Array)
#9 C:\xampp\htdocs\task_app\bootstrap\cache\compiled.php(10064): Illuminate\Foundation\Application->make('App\\Http\\Middle...')
#10 C:\xampp\htdocs\task_app\vendor\laravel\framework\src\Illuminate\Routing\Pipeline.php(33): Illuminate\Pipeline\Pipeline->Illuminate\Pipeline\{closure}(Object(Illuminate\Http\Request))
#11 C:\xampp\htdocs\task_app\bootstrap\cache\compiled.php(10054): Illuminate\Routing\Pipeline->Illuminate\Routing\{closure}(Object(Illuminate\Http\Request))
#12 C:\xampp\htdocs\task_app\bootstrap\cache\compiled.php(8356): Illuminate\Pipeline\Pipeline->then(Object(Closure))
#13 C:\xampp\htdocs\task_app\bootstrap\cache\compiled.php(8347): Illuminate\Routing\Router->runRouteWithinStack(Object(Illuminate\Routing\Route), Object(Illuminate\Http\Request))
#14 C:\xampp\htdocs\task_app\bootstrap\cache\compiled.php(8338): Illuminate\Routing\Router->dispatchToRoute(Object(Illuminate\Http\Request))
#15 C:\xampp\htdocs\task_app\bootstrap\cache\compiled.php(2575): Illuminate\Routing\Router->dispatch(Object(Illuminate\Http\Request))
#16 C:\xampp\htdocs\task_app\vendor\laravel\framework\src\Illuminate\Routing\Pipeline.php(53): Illuminate\Foundation\Http\Kernel->Illuminate\Foundation\Http\{closure}(Object(Illuminate\Http\Request))
#17 C:\xampp\htdocs\task_app\bootstrap\cache\compiled.php(3374): Illuminate\Routing\Pipeline->Illuminate\Routing\{closure}(Object(Illuminate\Http\Request))
#18 C:\xampp\htdocs\task_app\bootstrap\cache\compiled.php(10069): Illuminate\Foundation\Http\Middleware\CheckForMaintenanceMode->handle(Object(Illuminate\Http\Request), Object(Closure))
#19 C:\xampp\htdocs\task_app\vendor\laravel\framework\src\Illuminate\Routing\Pipeline.php(33): Illuminate\Pipeline\Pipeline->Illuminate\Pipeline\{closure}(Object(Illuminate\Http\Request))
#20 C:\xampp\htdocs\task_app\bootstrap\cache\compiled.php(10054): Illuminate\Routing\Pipeline->Illuminate\Routing\{closure}(Object(Illuminate\Http\Request))
#21 C:\xampp\htdocs\task_app\bootstrap\cache\compiled.php(2519): Illuminate\Pipeline\Pipeline->then(Object(Closure))
#22 C:\xampp\htdocs\task_app\bootstrap\cache\compiled.php(2503): Illuminate\Foundation\Http\Kernel->sendRequestThroughRouter(Object(Illuminate\Http\Request))
#23 C:\xampp\htdocs\task_app\public\index.php(53): Illuminate\Foundation\Http\Kernel->handle(Object(Illuminate\Http\Request))
#24 {main}  
[2017-04-12 00:14:03] production.ERROR: RuntimeException: The only supported ciphers are AES-128-CBC and AES-256-CBC with the correct key lengths. in C:\xampp\htdocs\task_app\bootstrap\cache\compiled.php:13520
Stack trace:
#0 C:\xampp\htdocs\task_app\bootstrap\cache\compiled.php(7927): Illuminate\Encryption\Encrypter->__construct('', 'AES-256-CBC')
#1 C:\xampp\htdocs\task_app\bootstrap\cache\compiled.php(1477): Illuminate\Encryption\EncryptionServiceProvider->Illuminate\Encryption\{closure}(Object(Illuminate\Foundation\Application), Array)
#2 C:\xampp\htdocs\task_app\bootstrap\cache\compiled.php(1433): Illuminate\Container\Container->build(Object(Closure), Array)
#3 C:\xampp\htdocs\task_app\bootstrap\cache\compiled.php(2011): Illuminate\Container\Container->make('encrypter', Array)
#4 C:\xampp\htdocs\task_app\bootstrap\cache\compiled.php(1534): Illuminate\Foundation\Application->make('encrypter')
#5 C:\xampp\htdocs\task_app\bootstrap\cache\compiled.php(1511): Illuminate\Container\Container->resolveClass(Object(ReflectionParameter))
#6 C:\xampp\htdocs\task_app\bootstrap\cache\compiled.php(1497): Illuminate\Container\Container->getDependencies(Array, Array)
#7 C:\xampp\htdocs\task_app\bootstrap\cache\compiled.php(1433): Illuminate\Container\Container->build('App\\Http\\Middle...', Array)
#8 C:\xampp\htdocs\task_app\bootstrap\cache\compiled.php(2011): Illuminate\Container\Container->make('App\\Http\\Middle...', Array)
#9 C:\xampp\htdocs\task_app\bootstrap\cache\compiled.php(2529): Illuminate\Foundation\Application->make('App\\Http\\Middle...')
#10 C:\xampp\htdocs\task_app\public\index.php(58): Illuminate\Foundation\Http\Kernel->terminate(Object(Illuminate\Http\Request), Object(Illuminate\Http\Response))
#11 {main}  
[2017-04-12 00:30:44] local.ERROR: RuntimeException: The only supported ciphers are AES-128-CBC and AES-256-CBC with the correct key lengths. in C:\xampp\htdocs\task_app\bootstrap\cache\compiled.php:13520
Stack trace:
#0 C:\xampp\htdocs\task_app\bootstrap\cache\compiled.php(7927): Illuminate\Encryption\Encrypter->__construct('', 'AES-256-CBC')
#1 C:\xampp\htdocs\task_app\bootstrap\cache\compiled.php(1477): Illuminate\Encryption\EncryptionServiceProvider->Illuminate\Encryption\{closure}(Object(Illuminate\Foundation\Application), Array)
#2 C:\xampp\htdocs\task_app\bootstrap\cache\compiled.php(1433): Illuminate\Container\Container->build(Object(Closure), Array)
#3 C:\xampp\htdocs\task_app\bootstrap\cache\compiled.php(2011): Illuminate\Container\Container->make('encrypter', Array)
#4 C:\xampp\htdocs\task_app\bootstrap\cache\compiled.php(1534): Illuminate\Foundation\Application->make('encrypter')
#5 C:\xampp\htdocs\task_app\bootstrap\cache\compiled.php(1511): Illuminate\Container\Container->resolveClass(Object(ReflectionParameter))
#6 C:\xampp\htdocs\task_app\bootstrap\cache\compiled.php(1497): Illuminate\Container\Container->getDependencies(Array, Array)
#7 C:\xampp\htdocs\task_app\bootstrap\cache\compiled.php(1433): Illuminate\Container\Container->build('App\\Http\\Middle...', Array)
#8 C:\xampp\htdocs\task_app\bootstrap\cache\compiled.php(2011): Illuminate\Container\Container->make('App\\Http\\Middle...', Array)
#9 C:\xampp\htdocs\task_app\bootstrap\cache\compiled.php(10064): Illuminate\Foundation\Application->make('App\\Http\\Middle...')
#10 C:\xampp\htdocs\task_app\vendor\laravel\framework\src\Illuminate\Routing\Pipeline.php(33): Illuminate\Pipeline\Pipeline->Illuminate\Pipeline\{closure}(Object(Illuminate\Http\Request))
#11 C:\xampp\htdocs\task_app\bootstrap\cache\compiled.php(10054): Illuminate\Routing\Pipeline->Illuminate\Routing\{closure}(Object(Illuminate\Http\Request))
#12 C:\xampp\htdocs\task_app\bootstrap\cache\compiled.php(8356): Illuminate\Pipeline\Pipeline->then(Object(Closure))
#13 C:\xampp\htdocs\task_app\bootstrap\cache\compiled.php(8347): Illuminate\Routing\Router->runRouteWithinStack(Object(Illuminate\Routing\Route), Object(Illuminate\Http\Request))
#14 C:\xampp\htdocs\task_app\bootstrap\cache\compiled.php(8338): Illuminate\Routing\Router->dispatchToRoute(Object(Illuminate\Http\Request))
#15 C:\xampp\htdocs\task_app\bootstrap\cache\compiled.php(2575): Illuminate\Routing\Router->dispatch(Object(Illuminate\Http\Request))
#16 C:\xampp\htdocs\task_app\vendor\laravel\framework\src\Illuminate\Routing\Pipeline.php(53): Illuminate\Foundation\Http\Kernel->Illuminate\Foundation\Http\{closure}(Object(Illuminate\Http\Request))
#17 C:\xampp\htdocs\task_app\bootstrap\cache\compiled.php(3374): Illuminate\Routing\Pipeline->Illuminate\Routing\{closure}(Object(Illuminate\Http\Request))
#18 C:\xampp\htdocs\task_app\bootstrap\cache\compiled.php(10069): Illuminate\Foundation\Http\Middleware\CheckForMaintenanceMode->handle(Object(Illuminate\Http\Request), Object(Closure))
#19 C:\xampp\htdocs\task_app\vendor\laravel\framework\src\Illuminate\Routing\Pipeline.php(33): Illuminate\Pipeline\Pipeline->Illuminate\Pipeline\{closure}(Object(Illuminate\Http\Request))
#20 C:\xampp\htdocs\task_app\bootstrap\cache\compiled.php(10054): Illuminate\Routing\Pipeline->Illuminate\Routing\{closure}(Object(Illuminate\Http\Request))
#21 C:\xampp\htdocs\task_app\bootstrap\cache\compiled.php(2519): Illuminate\Pipeline\Pipeline->then(Object(Closure))
#22 C:\xampp\htdocs\task_app\bootstrap\cache\compiled.php(2503): Illuminate\Foundation\Http\Kernel->sendRequestThroughRouter(Object(Illuminate\Http\Request))
#23 C:\xampp\htdocs\task_app\public\index.php(53): Illuminate\Foundation\Http\Kernel->handle(Object(Illuminate\Http\Request))
#24 {main}  
[2017-04-12 00:30:44] local.ERROR: RuntimeException: The only supported ciphers are AES-128-CBC and AES-256-CBC with the correct key lengths. in C:\xampp\htdocs\task_app\bootstrap\cache\compiled.php:13520
Stack trace:
#0 C:\xampp\htdocs\task_app\bootstrap\cache\compiled.php(7927): Illuminate\Encryption\Encrypter->__construct('', 'AES-256-CBC')
#1 C:\xampp\htdocs\task_app\bootstrap\cache\compiled.php(1477): Illuminate\Encryption\EncryptionServiceProvider->Illuminate\Encryption\{closure}(Object(Illuminate\Foundation\Application), Array)
#2 C:\xampp\htdocs\task_app\bootstrap\cache\compiled.php(1433): Illuminate\Container\Container->build(Object(Closure), Array)
#3 C:\xampp\htdocs\task_app\bootstrap\cache\compiled.php(2011): Illuminate\Container\Container->make('encrypter', Array)
#4 C:\xampp\htdocs\task_app\bootstrap\cache\compiled.php(1534): Illuminate\Foundation\Application->make('encrypter')
#5 C:\xampp\htdocs\task_app\bootstrap\cache\compiled.php(1511): Illuminate\Container\Container->resolveClass(Object(ReflectionParameter))
#6 C:\xampp\htdocs\task_app\bootstrap\cache\compiled.php(1497): Illuminate\Container\Container->getDependencies(Array, Array)
#7 C:\xampp\htdocs\task_app\bootstrap\cache\compiled.php(1433): Illuminate\Container\Container->build('App\\Http\\Middle...', Array)
#8 C:\xampp\htdocs\task_app\bootstrap\cache\compiled.php(2011): Illuminate\Container\Container->make('App\\Http\\Middle...', Array)
#9 C:\xampp\htdocs\task_app\bootstrap\cache\compiled.php(2529): Illuminate\Foundation\Application->make('App\\Http\\Middle...')
#10 C:\xampp\htdocs\task_app\public\index.php(58): Illuminate\Foundation\Http\Kernel->terminate(Object(Illuminate\Http\Request), Object(Illuminate\Http\Response))
#11 {main}  
[2017-04-12 00:49:19] local.ERROR: PDOException: SQLSTATE[42S01]: Base table or view already exists: 1050 Table 'tasks' already exists in C:\xampp\htdocs\task_app\vendor\laravel\framework\src\Illuminate\Database\Connection.php:480
Stack trace:
#0 C:\xampp\htdocs\task_app\vendor\laravel\framework\src\Illuminate\Database\Connection.php(480): PDOStatement->execute()
#1 C:\xampp\htdocs\task_app\vendor\laravel\framework\src\Illuminate\Database\Connection.php(763): Illuminate\Database\Connection->Illuminate\Database\{closure}(Object(Illuminate\Database\MySqlConnection), 'create table `t...', Array)
#2 C:\xampp\htdocs\task_app\vendor\laravel\framework\src\Illuminate\Database\Connection.php(726): Illuminate\Database\Connection->runQueryCallback('create table `t...', Array, Object(Closure))
#3 C:\xampp\htdocs\task_app\vendor\laravel\framework\src\Illuminate\Database\Connection.php(481): Illuminate\Database\Connection->run('create table `t...', Array, Object(Closure))
#4 C:\xampp\htdocs\task_app\vendor\laravel\framework\src\Illuminate\Database\Schema\Blueprint.php(83): Illuminate\Database\Connection->statement('create table `t...')
#5 C:\xampp\htdocs\task_app\vendor\laravel\framework\src\Illuminate\Database\Schema\Builder.php(229): Illuminate\Database\Schema\Blueprint->build(Object(Illuminate\Database\MySqlConnection), Object(Illuminate\Database\Schema\Grammars\MySqlGrammar))
#6 C:\xampp\htdocs\task_app\vendor\laravel\framework\src\Illuminate\Database\Schema\Builder.php(148): Illuminate\Database\Schema\Builder->build(Object(Illuminate\Database\Schema\Blueprint))
#7 C:\xampp\htdocs\task_app\bootstrap\cache\compiled.php(6468): Illuminate\Database\Schema\Builder->create('tasks', Object(Closure))
#8 C:\xampp\htdocs\task_app\database\migrations\2017_02_09_080056_create_tasks_table.php(23): Illuminate\Support\Facades\Facade::__callStatic('create', Array)
#9 C:\xampp\htdocs\task_app\vendor\laravel\framework\src\Illuminate\Database\Migrations\Migrator.php(373): CreateTasksTable->up()
#10 C:\xampp\htdocs\task_app\vendor\laravel\framework\src\Illuminate\Database\Migrations\Migrator.php(380): Illuminate\Database\Migrations\Migrator->Illuminate\Database\Migrations\{closure}()
#11 C:\xampp\htdocs\task_app\vendor\laravel\framework\src\Illuminate\Database\Migrations\Migrator.php(162): Illuminate\Database\Migrations\Migrator->runMigration(Object(CreateTasksTable), 'up')
#12 C:\xampp\htdocs\task_app\vendor\laravel\framework\src\Illuminate\Database\Migrations\Migrator.php(130): Illuminate\Database\Migrations\Migrator->runUp('2017_02_09_0800...', 2, false)
#13 C:\xampp\htdocs\task_app\vendor\laravel\framework\src\Illuminate\Database\Migrations\Migrator.php(97): Illuminate\Database\Migrations\Migrator->runMigrationList(Array, Array)
#14 C:\xampp\htdocs\task_app\vendor\laravel\framework\src\Illuminate\Database\Console\Migrations\MigrateCommand.php(65): Illuminate\Database\Migrations\Migrator->run(Array, Array)
#15 [internal function]: Illuminate\Database\Console\Migrations\MigrateCommand->fire()
#16 C:\xampp\htdocs\task_app\bootstrap\cache\compiled.php(1375): call_user_func_array(Array, Array)
#17 C:\xampp\htdocs\task_app\vendor\laravel\framework\src\Illuminate\Console\Command.php(169): Illuminate\Container\Container->call(Array)
#18 C:\xampp\htdocs\task_app\vendor\symfony\console\Command\Command.php(261): Illuminate\Console\Command->execute(Object(Symfony\Component\Console\Input\ArgvInput), Object(Symfony\Component\Console\Output\ConsoleOutput))
#19 C:\xampp\htdocs\task_app\vendor\laravel\framework\src\Illuminate\Console\Command.php(155): Symfony\Component\Console\Command\Command->run(Object(Symfony\Component\Console\Input\ArgvInput), Object(Symfony\Component\Console\Output\ConsoleOutput))
#20 C:\xampp\htdocs\task_app\vendor\symfony\console\Application.php(817): Illuminate\Console\Command->run(Object(Symfony\Component\Console\Input\ArgvInput), Object(Symfony\Component\Console\Output\ConsoleOutput))
#21 C:\xampp\htdocs\task_app\vendor\symfony\console\Application.php(185): Symfony\Component\Console\Application->doRunCommand(Object(Illuminate\Database\Console\Migrations\MigrateCommand), Object(Symfony\Component\Console\Input\ArgvInput), Object(Symfony\Component\Console\Output\ConsoleOutput))
#22 C:\xampp\htdocs\task_app\vendor\symfony\console\Application.php(116): Symfony\Component\Console\Application->doRun(Object(Symfony\Component\Console\Input\ArgvInput), Object(Symfony\Component\Console\Output\ConsoleOutput))
#23 C:\xampp\htdocs\task_app\vendor\laravel\framework\src\Illuminate\Foundation\Console\Kernel.php(121): Symfony\Component\Console\Application->run(Object(Symfony\Component\Console\Input\ArgvInput), Object(Symfony\Component\Console\Output\ConsoleOutput))
#24 C:\xampp\htdocs\task_app\artisan(35): Illuminate\Foundation\Console\Kernel->handle(Object(Symfony\Component\Console\Input\ArgvInput), Object(Symfony\Component\Console\Output\ConsoleOutput))
#25 {main}

Next Illuminate\Database\QueryException: SQLSTATE[42S01]: Base table or view already exists: 1050 Table 'tasks' already exists (SQL: create table `tasks` (`id` int unsigned not null auto_increment primary key, `name` varchar(20) not null, `status` varchar(255) not null, `deleted_at` timestamp null, `created_at` timestamp null, `updated_at` timestamp null) default character set utf8 collate utf8_unicode_ci) in C:\xampp\htdocs\task_app\vendor\laravel\framework\src\Illuminate\Database\Connection.php:770
Stack trace:
#0 C:\xampp\htdocs\task_app\vendor\laravel\framework\src\Illuminate\Database\Connection.php(726): Illuminate\Database\Connection->runQueryCallback('create table `t...', Array, Object(Closure))
#1 C:\xampp\htdocs\task_app\vendor\laravel\framework\src\Illuminate\Database\Connection.php(481): Illuminate\Database\Connection->run('create table `t...', Array, Object(Closure))
#2 C:\xampp\htdocs\task_app\vendor\laravel\framework\src\Illuminate\Database\Schema\Blueprint.php(83): Illuminate\Database\Connection->statement('create table `t...')
#3 C:\xampp\htdocs\task_app\vendor\laravel\framework\src\Illuminate\Database\Schema\Builder.php(229): Illuminate\Database\Schema\Blueprint->build(Object(Illuminate\Database\MySqlConnection), Object(Illuminate\Database\Schema\Grammars\MySqlGrammar))
#4 C:\xampp\htdocs\task_app\vendor\laravel\framework\src\Illuminate\Database\Schema\Builder.php(148): Illuminate\Database\Schema\Builder->build(Object(Illuminate\Database\Schema\Blueprint))
#5 C:\xampp\htdocs\task_app\bootstrap\cache\compiled.php(6468): Illuminate\Database\Schema\Builder->create('tasks', Object(Closure))
#6 C:\xampp\htdocs\task_app\database\migrations\2017_02_09_080056_create_tasks_table.php(23): Illuminate\Support\Facades\Facade::__callStatic('create', Array)
#7 C:\xampp\htdocs\task_app\vendor\laravel\framework\src\Illuminate\Database\Migrations\Migrator.php(373): CreateTasksTable->up()
#8 C:\xampp\htdocs\task_app\vendor\laravel\framework\src\Illuminate\Database\Migrations\Migrator.php(380): Illuminate\Database\Migrations\Migrator->Illuminate\Database\Migrations\{closure}()
#9 C:\xampp\htdocs\task_app\vendor\laravel\framework\src\Illuminate\Database\Migrations\Migrator.php(162): Illuminate\Database\Migrations\Migrator->runMigration(Object(CreateTasksTable), 'up')
#10 C:\xampp\htdocs\task_app\vendor\laravel\framework\src\Illuminate\Database\Migrations\Migrator.php(130): Illuminate\Database\Migrations\Migrator->runUp('2017_02_09_0800...', 2, false)
#11 C:\xampp\htdocs\task_app\vendor\laravel\framework\src\Illuminate\Database\Migrations\Migrator.php(97): Illuminate\Database\Migrations\Migrator->runMigrationList(Array, Array)
#12 C:\xampp\htdocs\task_app\vendor\laravel\framework\src\Illuminate\Database\Console\Migrations\MigrateCommand.php(65): Illuminate\Database\Migrations\Migrator->run(Array, Array)
#13 [internal function]: Illuminate\Database\Console\Migrations\MigrateCommand->fire()
#14 C:\xampp\htdocs\task_app\bootstrap\cache\compiled.php(1375): call_user_func_array(Array, Array)
#15 C:\xampp\htdocs\task_app\vendor\laravel\framework\src\Illuminate\Console\Command.php(169): Illuminate\Container\Container->call(Array)
#16 C:\xampp\htdocs\task_app\vendor\symfony\console\Command\Command.php(261): Illuminate\Console\Command->execute(Object(Symfony\Component\Console\Input\ArgvInput), Object(Symfony\Component\Console\Output\ConsoleOutput))
#17 C:\xampp\htdocs\task_app\vendor\laravel\framework\src\Illuminate\Console\Command.php(155): Symfony\Component\Console\Command\Command->run(Object(Symfony\Component\Console\Input\ArgvInput), Object(Symfony\Component\Console\Output\ConsoleOutput))
#18 C:\xampp\htdocs\task_app\vendor\symfony\console\Application.php(817): Illuminate\Console\Command->run(Object(Symfony\Component\Console\Input\ArgvInput), Object(Symfony\Component\Console\Output\ConsoleOutput))
#19 C:\xampp\htdocs\task_app\vendor\symfony\console\Application.php(185): Symfony\Component\Console\Application->doRunCommand(Object(Illuminate\Database\Console\Migrations\MigrateCommand), Object(Symfony\Component\Console\Input\ArgvInput), Object(Symfony\Component\Console\Output\ConsoleOutput))
#20 C:\xampp\htdocs\task_app\vendor\symfony\console\Application.php(116): Symfony\Component\Console\Application->doRun(Object(Symfony\Component\Console\Input\ArgvInput), Object(Symfony\Component\Console\Output\ConsoleOutput))
#21 C:\xampp\htdocs\task_app\vendor\laravel\framework\src\Illuminate\Foundation\Console\Kernel.php(121): Symfony\Component\Console\Application->run(Object(Symfony\Component\Console\Input\ArgvInput), Object(Symfony\Component\Console\Output\ConsoleOutput))
#22 C:\xampp\htdocs\task_app\artisan(35): Illuminate\Foundation\Console\Kernel->handle(Object(Symfony\Component\Console\Input\ArgvInput), Object(Symfony\Component\Console\Output\ConsoleOutput))
#23 {main}  
[2017-04-12 00:50:34] local.ERROR: PDOException: SQLSTATE[42S22]: Column not found: 1054 Unknown column 'name' in 'field list' in C:\xampp\htdocs\task_app\vendor\laravel\framework\src\Illuminate\Database\Connection.php:476
Stack trace:
#0 C:\xampp\htdocs\task_app\vendor\laravel\framework\src\Illuminate\Database\Connection.php(476): PDO->prepare('insert into `ta...')
#1 C:\xampp\htdocs\task_app\vendor\laravel\framework\src\Illuminate\Database\Connection.php(763): Illuminate\Database\Connection->Illuminate\Database\{closure}(Object(Illuminate\Database\MySqlConnection), 'insert into `ta...', Array)
#2 C:\xampp\htdocs\task_app\vendor\laravel\framework\src\Illuminate\Database\Connection.php(726): Illuminate\Database\Connection->runQueryCallback('insert into `ta...', Array, Object(Closure))
#3 C:\xampp\htdocs\task_app\vendor\laravel\framework\src\Illuminate\Database\Connection.php(481): Illuminate\Database\Connection->run('insert into `ta...', Array, Object(Closure))
#4 C:\xampp\htdocs\task_app\vendor\laravel\framework\src\Illuminate\Database\Connection.php(435): Illuminate\Database\Connection->statement('insert into `ta...', Array)
#5 C:\xampp\htdocs\task_app\vendor\laravel\framework\src\Illuminate\Database\Query\Processors\Processor.php(32): Illuminate\Database\Connection->insert('insert into `ta...', Array)
#6 C:\xampp\htdocs\task_app\vendor\laravel\framework\src\Illuminate\Database\Query\Builder.php(2154): Illuminate\Database\Query\Processors\Processor->processInsertGetId(Object(Illuminate\Database\Query\Builder), 'insert into `ta...', Array, 'id')
#7 C:\xampp\htdocs\task_app\vendor\laravel\framework\src\Illuminate\Database\Eloquent\Builder.php(1470): Illuminate\Database\Query\Builder->insertGetId(Array, 'id')
#8 C:\xampp\htdocs\task_app\bootstrap\cache\compiled.php(11001): Illuminate\Database\Eloquent\Builder->__call('insertGetId', Array)
#9 C:\xampp\htdocs\task_app\bootstrap\cache\compiled.php(10987): Illuminate\Database\Eloquent\Model->insertAndSetId(Object(Illuminate\Database\Eloquent\Builder), Array)
#10 C:\xampp\htdocs\task_app\bootstrap\cache\compiled.php(10941): Illuminate\Database\Eloquent\Model->performInsert(Object(Illuminate\Database\Eloquent\Builder))
#11 C:\xampp\htdocs\task_app\bootstrap\cache\compiled.php(10599): Illuminate\Database\Eloquent\Model->save()
#12 C:\xampp\htdocs\task_app\app\Http\Controllers\TaskController.php(61): Illuminate\Database\Eloquent\Model::create(Array)
#13 [internal function]: App\Http\Controllers\TaskController->store(Object(App\Http\Requests\TaskRequest))
#14 C:\xampp\htdocs\task_app\bootstrap\cache\compiled.php(9584): call_user_func_array(Array, Array)
#15 C:\xampp\htdocs\task_app\bootstrap\cache\compiled.php(9611): Illuminate\Routing\Controller->callAction('store', Array)
#16 C:\xampp\htdocs\task_app\bootstrap\cache\compiled.php(8665): Illuminate\Routing\ControllerDispatcher->dispatch(Object(Illuminate\Routing\Route), Object(App\Http\Controllers\TaskController), 'store')
#17 C:\xampp\htdocs\task_app\bootstrap\cache\compiled.php(8646): Illuminate\Routing\Route->runController()
#18 C:\xampp\htdocs\task_app\bootstrap\cache\compiled.php(8355): Illuminate\Routing\Route->run(Object(Illuminate\Http\Request))
#19 C:\xampp\htdocs\task_app\vendor\laravel\framework\src\Illuminate\Routing\Pipeline.php(53): Illuminate\Routing\Router->Illuminate\Routing\{closure}(Object(Illuminate\Http\Request))
#20 C:\xampp\htdocs\task_app\bootstrap\cache\compiled.php(10177): Illuminate\Routing\Pipeline->Illuminate\Routing\{closure}(Object(Illuminate\Http\Request))
#21 C:\xampp\htdocs\task_app\bootstrap\cache\compiled.php(10069): Illuminate\Routing\Middleware\SubstituteBindings->handle(Object(Illuminate\Http\Request), Object(Closure))
#22 C:\xampp\htdocs\task_app\vendor\laravel\framework\src\Illuminate\Routing\Pipeline.php(33): Illuminate\Pipeline\Pipeline->Illuminate\Pipeline\{closure}(Object(Illuminate\Http\Request))
#23 C:\xampp\htdocs\task_app\bootstrap\cache\compiled.php(3312): Illuminate\Routing\Pipeline->Illuminate\Routing\{closure}(Object(Illuminate\Http\Request))
#24 C:\xampp\htdocs\task_app\bootstrap\cache\compiled.php(10069): Illuminate\Foundation\Http\Middleware\VerifyCsrfToken->handle(Object(Illuminate\Http\Request), Object(Closure))
#25 C:\xampp\htdocs\task_app\vendor\laravel\framework\src\Illuminate\Routing\Pipeline.php(33): Illuminate\Pipeline\Pipeline->Illuminate\Pipeline\{closure}(Object(Illuminate\Http\Request))
#26 C:\xampp\htdocs\task_app\bootstrap\cache\compiled.php(13749): Illuminate\Routing\Pipeline->Illuminate\Routing\{closure}(Object(Illuminate\Http\Request))
#27 C:\xampp\htdocs\task_app\bootstrap\cache\compiled.php(10069): Illuminate\View\Middleware\ShareErrorsFromSession->handle(Object(Illuminate\Http\Request), Object(Closure))
#28 C:\xampp\htdocs\task_app\vendor\laravel\framework\src\Illuminate\Routing\Pipeline.php(33): Illuminate\Pipeline\Pipeline->Illuminate\Pipeline\{closure}(Object(Illuminate\Http\Request))
#29 C:\xampp\htdocs\task_app\bootstrap\cache\compiled.php(12155): Illuminate\Routing\Pipeline->Illuminate\Routing\{closure}(Object(Illuminate\Http\Request))
#30 C:\xampp\htdocs\task_app\bootstrap\cache\compiled.php(10069): Illuminate\Session\Middleware\StartSession->handle(Object(Illuminate\Http\Request), Object(Closure))
#31 C:\xampp\htdocs\task_app\vendor\laravel\framework\src\Illuminate\Routing\Pipeline.php(33): Illuminate\Pipeline\Pipeline->Illuminate\Pipeline\{closure}(Object(Illuminate\Http\Request))
#32 C:\xampp\htdocs\task_app\bootstrap\cache\compiled.php(13495): Illuminate\Routing\Pipeline->Illuminate\Routing\{closure}(Object(Illuminate\Http\Request))
#33 C:\xampp\htdocs\task_app\bootstrap\cache\compiled.php(10069): Illuminate\Cookie\Middleware\AddQueuedCookiesToResponse->handle(Object(Illuminate\Http\Request), Object(Closure))
#34 C:\xampp\htdocs\task_app\vendor\laravel\framework\src\Illuminate\Routing\Pipeline.php(33): Illuminate\Pipeline\Pipeline->Illuminate\Pipeline\{closure}(Object(Illuminate\Http\Request))
#35 C:\xampp\htdocs\task_app\bootstrap\cache\compiled.php(13432): Illuminate\Routing\Pipeline->Illuminate\Routing\{closure}(Object(Illuminate\Http\Request))
#36 C:\xampp\htdocs\task_app\bootstrap\cache\compiled.php(10069): Illuminate\Cookie\Middleware\EncryptCookies->handle(Object(Illuminate\Http\Request), Object(Closure))
#37 C:\xampp\htdocs\task_app\vendor\laravel\framework\src\Illuminate\Routing\Pipeline.php(33): Illuminate\Pipeline\Pipeline->Illuminate\Pipeline\{closure}(Object(Illuminate\Http\Request))
#38 C:\xampp\htdocs\task_app\bootstrap\cache\compiled.php(10054): Illuminate\Routing\Pipeline->Illuminate\Routing\{closure}(Object(Illuminate\Http\Request))
#39 C:\xampp\htdocs\task_app\bootstrap\cache\compiled.php(8356): Illuminate\Pipeline\Pipeline->then(Object(Closure))
#40 C:\xampp\htdocs\task_app\bootstrap\cache\compiled.php(8347): Illuminate\Routing\Router->runRouteWithinStack(Object(Illuminate\Routing\Route), Object(Illuminate\Http\Request))
#41 C:\xampp\htdocs\task_app\bootstrap\cache\compiled.php(8338): Illuminate\Routing\Router->dispatchToRoute(Object(Illuminate\Http\Request))
#42 C:\xampp\htdocs\task_app\bootstrap\cache\compiled.php(2575): Illuminate\Routing\Router->dispatch(Object(Illuminate\Http\Request))
#43 C:\xampp\htdocs\task_app\vendor\laravel\framework\src\Illuminate\Routing\Pipeline.php(53): Illuminate\Foundation\Http\Kernel->Illuminate\Foundation\Http\{closure}(Object(Illuminate\Http\Request))
#44 C:\xampp\htdocs\task_app\bootstrap\cache\compiled.php(3374): Illuminate\Routing\Pipeline->Illuminate\Routing\{closure}(Object(Illuminate\Http\Request))
#45 C:\xampp\htdocs\task_app\bootstrap\cache\compiled.php(10069): Illuminate\Foundation\Http\Middleware\CheckForMaintenanceMode->handle(Object(Illuminate\Http\Request), Object(Closure))
#46 C:\xampp\htdocs\task_app\vendor\laravel\framework\src\Illuminate\Routing\Pipeline.php(33): Illuminate\Pipeline\Pipeline->Illuminate\Pipeline\{closure}(Object(Illuminate\Http\Request))
#47 C:\xampp\htdocs\task_app\bootstrap\cache\compiled.php(10054): Illuminate\Routing\Pipeline->Illuminate\Routing\{closure}(Object(Illuminate\Http\Request))
#48 C:\xampp\htdocs\task_app\bootstrap\cache\compiled.php(2519): Illuminate\Pipeline\Pipeline->then(Object(Closure))
#49 C:\xampp\htdocs\task_app\bootstrap\cache\compiled.php(2503): Illuminate\Foundation\Http\Kernel->sendRequestThroughRouter(Object(Illuminate\Http\Request))
#50 C:\xampp\htdocs\task_app\public\index.php(53): Illuminate\Foundation\Http\Kernel->handle(Object(Illuminate\Http\Request))
#51 C:\xampp\htdocs\task_app\server.php(21): require_once('C:\\xampp\\htdocs...')
#52 {main}

Next Illuminate\Database\QueryException: SQLSTATE[42S22]: Column not found: 1054 Unknown column 'name' in 'field list' (SQL: insert into `tasks` (`name`, `status`, `updated_at`, `created_at`) values (Eat chaw food, uncompleted, 2017-04-12 00:50:34, 2017-04-12 00:50:34)) in C:\xampp\htdocs\task_app\vendor\laravel\framework\src\Illuminate\Database\Connection.php:770
Stack trace:
#0 C:\xampp\htdocs\task_app\vendor\laravel\framework\src\Illuminate\Database\Connection.php(726): Illuminate\Database\Connection->runQueryCallback('insert into `ta...', Array, Object(Closure))
#1 C:\xampp\htdocs\task_app\vendor\laravel\framework\src\Illuminate\Database\Connection.php(481): Illuminate\Database\Connection->run('insert into `ta...', Array, Object(Closure))
#2 C:\xampp\htdocs\task_app\vendor\laravel\framework\src\Illuminate\Database\Connection.php(435): Illuminate\Database\Connection->statement('insert into `ta...', Array)
#3 C:\xampp\htdocs\task_app\vendor\laravel\framework\src\Illuminate\Database\Query\Processors\Processor.php(32): Illuminate\Database\Connection->insert('insert into `ta...', Array)
#4 C:\xampp\htdocs\task_app\vendor\laravel\framework\src\Illuminate\Database\Query\Builder.php(2154): Illuminate\Database\Query\Processors\Processor->processInsertGetId(Object(Illuminate\Database\Query\Builder), 'insert into `ta...', Array, 'id')
#5 C:\xampp\htdocs\task_app\vendor\laravel\framework\src\Illuminate\Database\Eloquent\Builder.php(1470): Illuminate\Database\Query\Builder->insertGetId(Array, 'id')
#6 C:\xampp\htdocs\task_app\bootstrap\cache\compiled.php(11001): Illuminate\Database\Eloquent\Builder->__call('insertGetId', Array)
#7 C:\xampp\htdocs\task_app\bootstrap\cache\compiled.php(10987): Illuminate\Database\Eloquent\Model->insertAndSetId(Object(Illuminate\Database\Eloquent\Builder), Array)
#8 C:\xampp\htdocs\task_app\bootstrap\cache\compiled.php(10941): Illuminate\Database\Eloquent\Model->performInsert(Object(Illuminate\Database\Eloquent\Builder))
#9 C:\xampp\htdocs\task_app\bootstrap\cache\compiled.php(10599): Illuminate\Database\Eloquent\Model->save()
#10 C:\xampp\htdocs\task_app\app\Http\Controllers\TaskController.php(61): Illuminate\Database\Eloquent\Model::create(Array)
#11 [internal function]: App\Http\Controllers\TaskController->store(Object(App\Http\Requests\TaskRequest))
#12 C:\xampp\htdocs\task_app\bootstrap\cache\compiled.php(9584): call_user_func_array(Array, Array)
#13 C:\xampp\htdocs\task_app\bootstrap\cache\compiled.php(9611): Illuminate\Routing\Controller->callAction('store', Array)
#14 C:\xampp\htdocs\task_app\bootstrap\cache\compiled.php(8665): Illuminate\Routing\ControllerDispatcher->dispatch(Object(Illuminate\Routing\Route), Object(App\Http\Controllers\TaskController), 'store')
#15 C:\xampp\htdocs\task_app\bootstrap\cache\compiled.php(8646): Illuminate\Routing\Route->runController()
#16 C:\xampp\htdocs\task_app\bootstrap\cache\compiled.php(8355): Illuminate\Routing\Route->run(Object(Illuminate\Http\Request))
#17 C:\xampp\htdocs\task_app\vendor\laravel\framework\src\Illuminate\Routing\Pipeline.php(53): Illuminate\Routing\Router->Illuminate\Routing\{closure}(Object(Illuminate\Http\Request))
#18 C:\xampp\htdocs\task_app\bootstrap\cache\compiled.php(10177): Illuminate\Routing\Pipeline->Illuminate\Routing\{closure}(Object(Illuminate\Http\Request))
#19 C:\xampp\htdocs\task_app\bootstrap\cache\compiled.php(10069): Illuminate\Routing\Middleware\SubstituteBindings->handle(Object(Illuminate\Http\Request), Object(Closure))
#20 C:\xampp\htdocs\task_app\vendor\laravel\framework\src\Illuminate\Routing\Pipeline.php(33): Illuminate\Pipeline\Pipeline->Illuminate\Pipeline\{closure}(Object(Illuminate\Http\Request))
#21 C:\xampp\htdocs\task_app\bootstrap\cache\compiled.php(3312): Illuminate\Routing\Pipeline->Illuminate\Routing\{closure}(Object(Illuminate\Http\Request))
#22 C:\xampp\htdocs\task_app\bootstrap\cache\compiled.php(10069): Illuminate\Foundation\Http\Middleware\VerifyCsrfToken->handle(Object(Illuminate\Http\Request), Object(Closure))
#23 C:\xampp\htdocs\task_app\vendor\laravel\framework\src\Illuminate\Routing\Pipeline.php(33): Illuminate\Pipeline\Pipeline->Illuminate\Pipeline\{closure}(Object(Illuminate\Http\Request))
#24 C:\xampp\htdocs\task_app\bootstrap\cache\compiled.php(13749): Illuminate\Routing\Pipeline->Illuminate\Routing\{closure}(Object(Illuminate\Http\Request))
#25 C:\xampp\htdocs\task_app\bootstrap\cache\compiled.php(10069): Illuminate\View\Middleware\ShareErrorsFromSession->handle(Object(Illuminate\Http\Request), Object(Closure))
#26 C:\xampp\htdocs\task_app\vendor\laravel\framework\src\Illuminate\Routing\Pipeline.php(33): Illuminate\Pipeline\Pipeline->Illuminate\Pipeline\{closure}(Object(Illuminate\Http\Request))
#27 C:\xampp\htdocs\task_app\bootstrap\cache\compiled.php(12155): Illuminate\Routing\Pipeline->Illuminate\Routing\{closure}(Object(Illuminate\Http\Request))
#28 C:\xampp\htdocs\task_app\bootstrap\cache\compiled.php(10069): Illuminate\Session\Middleware\StartSession->handle(Object(Illuminate\Http\Request), Object(Closure))
#29 C:\xampp\htdocs\task_app\vendor\laravel\framework\src\Illuminate\Routing\Pipeline.php(33): Illuminate\Pipeline\Pipeline->Illuminate\Pipeline\{closure}(Object(Illuminate\Http\Request))
#30 C:\xampp\htdocs\task_app\bootstrap\cache\compiled.php(13495): Illuminate\Routing\Pipeline->Illuminate\Routing\{closure}(Object(Illuminate\Http\Request))
#31 C:\xampp\htdocs\task_app\bootstrap\cache\compiled.php(10069): Illuminate\Cookie\Middleware\AddQueuedCookiesToResponse->handle(Object(Illuminate\Http\Request), Object(Closure))
#32 C:\xampp\htdocs\task_app\vendor\laravel\framework\src\Illuminate\Routing\Pipeline.php(33): Illuminate\Pipeline\Pipeline->Illuminate\Pipeline\{closure}(Object(Illuminate\Http\Request))
#33 C:\xampp\htdocs\task_app\bootstrap\cache\compiled.php(13432): Illuminate\Routing\Pipeline->Illuminate\Routing\{closure}(Object(Illuminate\Http\Request))
#34 C:\xampp\htdocs\task_app\bootstrap\cache\compiled.php(10069): Illuminate\Cookie\Middleware\EncryptCookies->handle(Object(Illuminate\Http\Request), Object(Closure))
#35 C:\xampp\htdocs\task_app\vendor\laravel\framework\src\Illuminate\Routing\Pipeline.php(33): Illuminate\Pipeline\Pipeline->Illuminate\Pipeline\{closure}(Object(Illuminate\Http\Request))
#36 C:\xampp\htdocs\task_app\bootstrap\cache\compiled.php(10054): Illuminate\Routing\Pipeline->Illuminate\Routing\{closure}(Object(Illuminate\Http\Request))
#37 C:\xampp\htdocs\task_app\bootstrap\cache\compiled.php(8356): Illuminate\Pipeline\Pipeline->then(Object(Closure))
#38 C:\xampp\htdocs\task_app\bootstrap\cache\compiled.php(8347): Illuminate\Routing\Router->runRouteWithinStack(Object(Illuminate\Routing\Route), Object(Illuminate\Http\Request))
#39 C:\xampp\htdocs\task_app\bootstrap\cache\compiled.php(8338): Illuminate\Routing\Router->dispatchToRoute(Object(Illuminate\Http\Request))
#40 C:\xampp\htdocs\task_app\bootstrap\cache\compiled.php(2575): Illuminate\Routing\Router->dispatch(Object(Illuminate\Http\Request))
#41 C:\xampp\htdocs\task_app\vendor\laravel\framework\src\Illuminate\Routing\Pipeline.php(53): Illuminate\Foundation\Http\Kernel->Illuminate\Foundation\Http\{closure}(Object(Illuminate\Http\Request))
#42 C:\xampp\htdocs\task_app\bootstrap\cache\compiled.php(3374): Illuminate\Routing\Pipeline->Illuminate\Routing\{closure}(Object(Illuminate\Http\Request))
#43 C:\xampp\htdocs\task_app\bootstrap\cache\compiled.php(10069): Illuminate\Foundation\Http\Middleware\CheckForMaintenanceMode->handle(Object(Illuminate\Http\Request), Object(Closure))
#44 C:\xampp\htdocs\task_app\vendor\laravel\framework\src\Illuminate\Routing\Pipeline.php(33): Illuminate\Pipeline\Pipeline->Illuminate\Pipeline\{closure}(Object(Illuminate\Http\Request))
#45 C:\xampp\htdocs\task_app\bootstrap\cache\compiled.php(10054): Illuminate\Routing\Pipeline->Illuminate\Routing\{closure}(Object(Illuminate\Http\Request))
#46 C:\xampp\htdocs\task_app\bootstrap\cache\compiled.php(2519): Illuminate\Pipeline\Pipeline->then(Object(Closure))
#47 C:\xampp\htdocs\task_app\bootstrap\cache\compiled.php(2503): Illuminate\Foundation\Http\Kernel->sendRequestThroughRouter(Object(Illuminate\Http\Request))
#48 C:\xampp\htdocs\task_app\public\index.php(53): Illuminate\Foundation\Http\Kernel->handle(Object(Illuminate\Http\Request))
#49 C:\xampp\htdocs\task_app\server.php(21): require_once('C:\\xampp\\htdocs...')
#50 {main}  
[2017-04-12 00:50:51] local.ERROR: PDOException: SQLSTATE[42S22]: Column not found: 1054 Unknown column 'tasks.deleted_at' in 'where clause' in C:\xampp\htdocs\task_app\vendor\laravel\framework\src\Illuminate\Database\Connection.php:333
Stack trace:
#0 C:\xampp\htdocs\task_app\vendor\laravel\framework\src\Illuminate\Database\Connection.php(333): PDO->prepare('select * from `...')
#1 C:\xampp\htdocs\task_app\vendor\laravel\framework\src\Illuminate\Database\Connection.php(763): Illuminate\Database\Connection->Illuminate\Database\{closure}(Object(Illuminate\Database\MySqlConnection), 'select * from `...', Array)
#2 C:\xampp\htdocs\task_app\vendor\laravel\framework\src\Illuminate\Database\Connection.php(726): Illuminate\Database\Connection->runQueryCallback('select * from `...', Array, Object(Closure))
#3 C:\xampp\htdocs\task_app\vendor\laravel\framework\src\Illuminate\Database\Connection.php(351): Illuminate\Database\Connection->run('select * from `...', Array, Object(Closure))
#4 C:\xampp\htdocs\task_app\vendor\laravel\framework\src\Illuminate\Database\Query\Builder.php(1648): Illuminate\Database\Connection->select('select * from `...', Array, true)
#5 C:\xampp\htdocs\task_app\vendor\laravel\framework\src\Illuminate\Database\Query\Builder.php(1634): Illuminate\Database\Query\Builder->runSelect()
#6 C:\xampp\htdocs\task_app\vendor\laravel\framework\src\Illuminate\Database\Eloquent\Builder.php(638): Illuminate\Database\Query\Builder->get(Array)
#7 C:\xampp\htdocs\task_app\vendor\laravel\framework\src\Illuminate\Database\Eloquent\Builder.php(327): Illuminate\Database\Eloquent\Builder->getModels(Array)
#8 C:\xampp\htdocs\task_app\app\Http\Controllers\TaskController.php(20): Illuminate\Database\Eloquent\Builder->get()
#9 [internal function]: App\Http\Controllers\TaskController->index()
#10 C:\xampp\htdocs\task_app\bootstrap\cache\compiled.php(9584): call_user_func_array(Array, Array)
#11 C:\xampp\htdocs\task_app\bootstrap\cache\compiled.php(9611): Illuminate\Routing\Controller->callAction('index', Array)
#12 C:\xampp\htdocs\task_app\bootstrap\cache\compiled.php(8665): Illuminate\Routing\ControllerDispatcher->dispatch(Object(Illuminate\Routing\Route), Object(App\Http\Controllers\TaskController), 'index')
#13 C:\xampp\htdocs\task_app\bootstrap\cache\compiled.php(8646): Illuminate\Routing\Route->runController()
#14 C:\xampp\htdocs\task_app\bootstrap\cache\compiled.php(8355): Illuminate\Routing\Route->run(Object(Illuminate\Http\Request))
#15 C:\xampp\htdocs\task_app\vendor\laravel\framework\src\Illuminate\Routing\Pipeline.php(53): Illuminate\Routing\Router->Illuminate\Routing\{closure}(Object(Illuminate\Http\Request))
#16 C:\xampp\htdocs\task_app\bootstrap\cache\compiled.php(10177): Illuminate\Routing\Pipeline->Illuminate\Routing\{closure}(Object(Illuminate\Http\Request))
#17 C:\xampp\htdocs\task_app\bootstrap\cache\compiled.php(10069): Illuminate\Routing\Middleware\SubstituteBindings->handle(Object(Illuminate\Http\Request), Object(Closure))
#18 C:\xampp\htdocs\task_app\vendor\laravel\framework\src\Illuminate\Routing\Pipeline.php(33): Illuminate\Pipeline\Pipeline->Illuminate\Pipeline\{closure}(Object(Illuminate\Http\Request))
#19 C:\xampp\htdocs\task_app\bootstrap\cache\compiled.php(3312): Illuminate\Routing\Pipeline->Illuminate\Routing\{closure}(Object(Illuminate\Http\Request))
#20 C:\xampp\htdocs\task_app\bootstrap\cache\compiled.php(10069): Illuminate\Foundation\Http\Middleware\VerifyCsrfToken->handle(Object(Illuminate\Http\Request), Object(Closure))
#21 C:\xampp\htdocs\task_app\vendor\laravel\framework\src\Illuminate\Routing\Pipeline.php(33): Illuminate\Pipeline\Pipeline->Illuminate\Pipeline\{closure}(Object(Illuminate\Http\Request))
#22 C:\xampp\htdocs\task_app\bootstrap\cache\compiled.php(13749): Illuminate\Routing\Pipeline->Illuminate\Routing\{closure}(Object(Illuminate\Http\Request))
#23 C:\xampp\htdocs\task_app\bootstrap\cache\compiled.php(10069): Illuminate\View\Middleware\ShareErrorsFromSession->handle(Object(Illuminate\Http\Request), Object(Closure))
#24 C:\xampp\htdocs\task_app\vendor\laravel\framework\src\Illuminate\Routing\Pipeline.php(33): Illuminate\Pipeline\Pipeline->Illuminate\Pipeline\{closure}(Object(Illuminate\Http\Request))
#25 C:\xampp\htdocs\task_app\bootstrap\cache\compiled.php(12155): Illuminate\Routing\Pipeline->Illuminate\Routing\{closure}(Object(Illuminate\Http\Request))
#26 C:\xampp\htdocs\task_app\bootstrap\cache\compiled.php(10069): Illuminate\Session\Middleware\StartSession->handle(Object(Illuminate\Http\Request), Object(Closure))
#27 C:\xampp\htdocs\task_app\vendor\laravel\framework\src\Illuminate\Routing\Pipeline.php(33): Illuminate\Pipeline\Pipeline->Illuminate\Pipeline\{closure}(Object(Illuminate\Http\Request))
#28 C:\xampp\htdocs\task_app\bootstrap\cache\compiled.php(13495): Illuminate\Routing\Pipeline->Illuminate\Routing\{closure}(Object(Illuminate\Http\Request))
#29 C:\xampp\htdocs\task_app\bootstrap\cache\compiled.php(10069): Illuminate\Cookie\Middleware\AddQueuedCookiesToResponse->handle(Object(Illuminate\Http\Request), Object(Closure))
#30 C:\xampp\htdocs\task_app\vendor\laravel\framework\src\Illuminate\Routing\Pipeline.php(33): Illuminate\Pipeline\Pipeline->Illuminate\Pipeline\{closure}(Object(Illuminate\Http\Request))
#31 C:\xampp\htdocs\task_app\bootstrap\cache\compiled.php(13432): Illuminate\Routing\Pipeline->Illuminate\Routing\{closure}(Object(Illuminate\Http\Request))
#32 C:\xampp\htdocs\task_app\bootstrap\cache\compiled.php(10069): Illuminate\Cookie\Middleware\EncryptCookies->handle(Object(Illuminate\Http\Request), Object(Closure))
#33 C:\xampp\htdocs\task_app\vendor\laravel\framework\src\Illuminate\Routing\Pipeline.php(33): Illuminate\Pipeline\Pipeline->Illuminate\Pipeline\{closure}(Object(Illuminate\Http\Request))
#34 C:\xampp\htdocs\task_app\bootstrap\cache\compiled.php(10054): Illuminate\Routing\Pipeline->Illuminate\Routing\{closure}(Object(Illuminate\Http\Request))
#35 C:\xampp\htdocs\task_app\bootstrap\cache\compiled.php(8356): Illuminate\Pipeline\Pipeline->then(Object(Closure))
#36 C:\xampp\htdocs\task_app\bootstrap\cache\compiled.php(8347): Illuminate\Routing\Router->runRouteWithinStack(Object(Illuminate\Routing\Route), Object(Illuminate\Http\Request))
#37 C:\xampp\htdocs\task_app\bootstrap\cache\compiled.php(8338): Illuminate\Routing\Router->dispatchToRoute(Object(Illuminate\Http\Request))
#38 C:\xampp\htdocs\task_app\bootstrap\cache\compiled.php(2575): Illuminate\Routing\Router->dispatch(Object(Illuminate\Http\Request))
#39 C:\xampp\htdocs\task_app\vendor\laravel\framework\src\Illuminate\Routing\Pipeline.php(53): Illuminate\Foundation\Http\Kernel->Illuminate\Foundation\Http\{closure}(Object(Illuminate\Http\Request))
#40 C:\xampp\htdocs\task_app\bootstrap\cache\compiled.php(3374): Illuminate\Routing\Pipeline->Illuminate\Routing\{closure}(Object(Illuminate\Http\Request))
#41 C:\xampp\htdocs\task_app\bootstrap\cache\compiled.php(10069): Illuminate\Foundation\Http\Middleware\CheckForMaintenanceMode->handle(Object(Illuminate\Http\Request), Object(Closure))
#42 C:\xampp\htdocs\task_app\vendor\laravel\framework\src\Illuminate\Routing\Pipeline.php(33): Illuminate\Pipeline\Pipeline->Illuminate\Pipeline\{closure}(Object(Illuminate\Http\Request))
#43 C:\xampp\htdocs\task_app\bootstrap\cache\compiled.php(10054): Illuminate\Routing\Pipeline->Illuminate\Routing\{closure}(Object(Illuminate\Http\Request))
#44 C:\xampp\htdocs\task_app\bootstrap\cache\compiled.php(2519): Illuminate\Pipeline\Pipeline->then(Object(Closure))
#45 C:\xampp\htdocs\task_app\bootstrap\cache\compiled.php(2503): Illuminate\Foundation\Http\Kernel->sendRequestThroughRouter(Object(Illuminate\Http\Request))
#46 C:\xampp\htdocs\task_app\public\index.php(53): Illuminate\Foundation\Http\Kernel->handle(Object(Illuminate\Http\Request))
#47 C:\xampp\htdocs\task_app\server.php(21): require_once('C:\\xampp\\htdocs...')
#48 {main}

Next Illuminate\Database\QueryException: SQLSTATE[42S22]: Column not found: 1054 Unknown column 'tasks.deleted_at' in 'where clause' (SQL: select * from `tasks` where `tasks`.`deleted_at` is null order by `created_at` desc, `created_at` desc) in C:\xampp\htdocs\task_app\vendor\laravel\framework\src\Illuminate\Database\Connection.php:770
Stack trace:
#0 C:\xampp\htdocs\task_app\vendor\laravel\framework\src\Illuminate\Database\Connection.php(726): Illuminate\Database\Connection->runQueryCallback('select * from `...', Array, Object(Closure))
#1 C:\xampp\htdocs\task_app\vendor\laravel\framework\src\Illuminate\Database\Connection.php(351): Illuminate\Database\Connection->run('select * from `...', Array, Object(Closure))
#2 C:\xampp\htdocs\task_app\vendor\laravel\framework\src\Illuminate\Database\Query\Builder.php(1648): Illuminate\Database\Connection->select('select * from `...', Array, true)
#3 C:\xampp\htdocs\task_app\vendor\laravel\framework\src\Illuminate\Database\Query\Builder.php(1634): Illuminate\Database\Query\Builder->runSelect()
#4 C:\xampp\htdocs\task_app\vendor\laravel\framework\src\Illuminate\Database\Eloquent\Builder.php(638): Illuminate\Database\Query\Builder->get(Array)
#5 C:\xampp\htdocs\task_app\vendor\laravel\framework\src\Illuminate\Database\Eloquent\Builder.php(327): Illuminate\Database\Eloquent\Builder->getModels(Array)
#6 C:\xampp\htdocs\task_app\app\Http\Controllers\TaskController.php(20): Illuminate\Database\Eloquent\Builder->get()
#7 [internal function]: App\Http\Controllers\TaskController->index()
#8 C:\xampp\htdocs\task_app\bootstrap\cache\compiled.php(9584): call_user_func_array(Array, Array)
#9 C:\xampp\htdocs\task_app\bootstrap\cache\compiled.php(9611): Illuminate\Routing\Controller->callAction('index', Array)
#10 C:\xampp\htdocs\task_app\bootstrap\cache\compiled.php(8665): Illuminate\Routing\ControllerDispatcher->dispatch(Object(Illuminate\Routing\Route), Object(App\Http\Controllers\TaskController), 'index')
#11 C:\xampp\htdocs\task_app\bootstrap\cache\compiled.php(8646): Illuminate\Routing\Route->runController()
#12 C:\xampp\htdocs\task_app\bootstrap\cache\compiled.php(8355): Illuminate\Routing\Route->run(Object(Illuminate\Http\Request))
#13 C:\xampp\htdocs\task_app\vendor\laravel\framework\src\Illuminate\Routing\Pipeline.php(53): Illuminate\Routing\Router->Illuminate\Routing\{closure}(Object(Illuminate\Http\Request))
#14 C:\xampp\htdocs\task_app\bootstrap\cache\compiled.php(10177): Illuminate\Routing\Pipeline->Illuminate\Routing\{closure}(Object(Illuminate\Http\Request))
#15 C:\xampp\htdocs\task_app\bootstrap\cache\compiled.php(10069): Illuminate\Routing\Middleware\SubstituteBindings->handle(Object(Illuminate\Http\Request), Object(Closure))
#16 C:\xampp\htdocs\task_app\vendor\laravel\framework\src\Illuminate\Routing\Pipeline.php(33): Illuminate\Pipeline\Pipeline->Illuminate\Pipeline\{closure}(Object(Illuminate\Http\Request))
#17 C:\xampp\htdocs\task_app\bootstrap\cache\compiled.php(3312): Illuminate\Routing\Pipeline->Illuminate\Routing\{closure}(Object(Illuminate\Http\Request))
#18 C:\xampp\htdocs\task_app\bootstrap\cache\compiled.php(10069): Illuminate\Foundation\Http\Middleware\VerifyCsrfToken->handle(Object(Illuminate\Http\Request), Object(Closure))
#19 C:\xampp\htdocs\task_app\vendor\laravel\framework\src\Illuminate\Routing\Pipeline.php(33): Illuminate\Pipeline\Pipeline->Illuminate\Pipeline\{closure}(Object(Illuminate\Http\Request))
#20 C:\xampp\htdocs\task_app\bootstrap\cache\compiled.php(13749): Illuminate\Routing\Pipeline->Illuminate\Routing\{closure}(Object(Illuminate\Http\Request))
#21 C:\xampp\htdocs\task_app\bootstrap\cache\compiled.php(10069): Illuminate\View\Middleware\ShareErrorsFromSession->handle(Object(Illuminate\Http\Request), Object(Closure))
#22 C:\xampp\htdocs\task_app\vendor\laravel\framework\src\Illuminate\Routing\Pipeline.php(33): Illuminate\Pipeline\Pipeline->Illuminate\Pipeline\{closure}(Object(Illuminate\Http\Request))
#23 C:\xampp\htdocs\task_app\bootstrap\cache\compiled.php(12155): Illuminate\Routing\Pipeline->Illuminate\Routing\{closure}(Object(Illuminate\Http\Request))
#24 C:\xampp\htdocs\task_app\bootstrap\cache\compiled.php(10069): Illuminate\Session\Middleware\StartSession->handle(Object(Illuminate\Http\Request), Object(Closure))
#25 C:\xampp\htdocs\task_app\vendor\laravel\framework\src\Illuminate\Routing\Pipeline.php(33): Illuminate\Pipeline\Pipeline->Illuminate\Pipeline\{closure}(Object(Illuminate\Http\Request))
#26 C:\xampp\htdocs\task_app\bootstrap\cache\compiled.php(13495): Illuminate\Routing\Pipeline->Illuminate\Routing\{closure}(Object(Illuminate\Http\Request))
#27 C:\xampp\htdocs\task_app\bootstrap\cache\compiled.php(10069): Illuminate\Cookie\Middleware\AddQueuedCookiesToResponse->handle(Object(Illuminate\Http\Request), Object(Closure))
#28 C:\xampp\htdocs\task_app\vendor\laravel\framework\src\Illuminate\Routing\Pipeline.php(33): Illuminate\Pipeline\Pipeline->Illuminate\Pipeline\{closure}(Object(Illuminate\Http\Request))
#29 C:\xampp\htdocs\task_app\bootstrap\cache\compiled.php(13432): Illuminate\Routing\Pipeline->Illuminate\Routing\{closure}(Object(Illuminate\Http\Request))
#30 C:\xampp\htdocs\task_app\bootstrap\cache\compiled.php(10069): Illuminate\Cookie\Middleware\EncryptCookies->handle(Object(Illuminate\Http\Request), Object(Closure))
#31 C:\xampp\htdocs\task_app\vendor\laravel\framework\src\Illuminate\Routing\Pipeline.php(33): Illuminate\Pipeline\Pipeline->Illuminate\Pipeline\{closure}(Object(Illuminate\Http\Request))
#32 C:\xampp\htdocs\task_app\bootstrap\cache\compiled.php(10054): Illuminate\Routing\Pipeline->Illuminate\Routing\{closure}(Object(Illuminate\Http\Request))
#33 C:\xampp\htdocs\task_app\bootstrap\cache\compiled.php(8356): Illuminate\Pipeline\Pipeline->then(Object(Closure))
#34 C:\xampp\htdocs\task_app\bootstrap\cache\compiled.php(8347): Illuminate\Routing\Router->runRouteWithinStack(Object(Illuminate\Routing\Route), Object(Illuminate\Http\Request))
#35 C:\xampp\htdocs\task_app\bootstrap\cache\compiled.php(8338): Illuminate\Routing\Router->dispatchToRoute(Object(Illuminate\Http\Request))
#36 C:\xampp\htdocs\task_app\bootstrap\cache\compiled.php(2575): Illuminate\Routing\Router->dispatch(Object(Illuminate\Http\Request))
#37 C:\xampp\htdocs\task_app\vendor\laravel\framework\src\Illuminate\Routing\Pipeline.php(53): Illuminate\Foundation\Http\Kernel->Illuminate\Foundation\Http\{closure}(Object(Illuminate\Http\Request))
#38 C:\xampp\htdocs\task_app\bootstrap\cache\compiled.php(3374): Illuminate\Routing\Pipeline->Illuminate\Routing\{closure}(Object(Illuminate\Http\Request))
#39 C:\xampp\htdocs\task_app\bootstrap\cache\compiled.php(10069): Illuminate\Foundation\Http\Middleware\CheckForMaintenanceMode->handle(Object(Illuminate\Http\Request), Object(Closure))
#40 C:\xampp\htdocs\task_app\vendor\laravel\framework\src\Illuminate\Routing\Pipeline.php(33): Illuminate\Pipeline\Pipeline->Illuminate\Pipeline\{closure}(Object(Illuminate\Http\Request))
#41 C:\xampp\htdocs\task_app\bootstrap\cache\compiled.php(10054): Illuminate\Routing\Pipeline->Illuminate\Routing\{closure}(Object(Illuminate\Http\Request))
#42 C:\xampp\htdocs\task_app\bootstrap\cache\compiled.php(2519): Illuminate\Pipeline\Pipeline->then(Object(Closure))
#43 C:\xampp\htdocs\task_app\bootstrap\cache\compiled.php(2503): Illuminate\Foundation\Http\Kernel->sendRequestThroughRouter(Object(Illuminate\Http\Request))
#44 C:\xampp\htdocs\task_app\public\index.php(53): Illuminate\Foundation\Http\Kernel->handle(Object(Illuminate\Http\Request))
#45 C:\xampp\htdocs\task_app\server.php(21): require_once('C:\\xampp\\htdocs...')
#46 {main}  
